28.03.2024 - 15:23:23 - [TAB v4.1.2] Something just tried to add player AXYETb into team 0001 (expected team: 0AXYETbA)
09.04.2024 - 15:54:56 - [TAB v4.1.2] Something just tried to add player Bladelez into team 0020 (expected team: 9BladelezA)
09.04.2024 - 19:55:57 - [TAB v4.1.2] Something just tried to add player 7udv into team 0001 (expected team: 07udvA)
13.04.2024 - 00:46:42 - [TAB v4.1.2] Something just tried to add player AXYETb into team CIT-8270c8e1d26e (expected team: 0AXYETbA)
20.04.2024 - 13:15:01 - [TAB v4.1.2] Something just tried to add player AXYETb into team CIT-8270c8e1d26e (expected team: 1AXYETbA)
20.04.2024 - 15:18:56 - [TAB v4.1.2] Something just tried to add player AXYETb into team CIT-8270c8e1d26e (expected team: 1AXYETbA)
20.04.2024 - 15:21:22 - [TAB v4.1.2] Something just tried to add player AXYETb into team CIT-8270c8e1d26e (expected team: 1AXYETbA)
20.04.2024 - 15:22:25 - [TAB v4.1.2] Something just tried to add player AXYETb into team CIT-8270c8e1d26e (expected team: 1AXYETbA)
22.04.2024 - 21:10:17 - [TAB v4.1.2] Something just tried to add player AXYETb into team CIT-8270c8e1d26e (expected team: 1AXYETbA)
25.04.2024 - 12:06:48 - [TAB v4.1.2] Something just tried to add player AXYETb into team CIT-8270c8e1d26e (expected team: 1AXYETbA)
26.04.2024 - 13:02:50 - [TAB v4.1.2] Something just tried to add player AXYETb into team CIT-8270c8e1d26e (expected team: :AXYETbA)
26.04.2024 - 21:48:25 - [TAB v4.1.2] Something just tried to add player AXYETb into team CIT-8270c8e1d26e (expected team: :AXYETbA)
26.04.2024 - 21:57:46 - [TAB v4.1.2] Something just tried to add player AXYETb into team CIT-8270c8e1d26e (expected team: 1AXYETbA)
06.05.2024 - 20:00:19 - [TAB v4.1.2] Something just tried to add player AXYETb into team CIT-8270c8e1d26e (expected team: 1AXYETbA)
12.05.2024 - 21:24:57 - [TAB v4.1.2] Something just tried to add player AXYETb into team CIT-8270c8e1d26e (expected team: 1AXYETbA)
15.05.2024 - 00:15:46 - [TAB v4.1.2] Something just tried to add player AXYETb into team CIT-8270c8e1d26e (expected team: 1AXYETbA)
16.05.2024 - 12:20:53 - [TAB v4.1.2] Something just tried to add player AXYETb into team CIT-8270c8e1d26e (expected team: 1AXYETbA)
22.05.2024 - 11:37:08 - [TAB v4.1.2] Something just tried to add player s3rviqiis into team CIT-95f8121b1a15 (expected team: 7s3rviqiisA)
30.06.2024 - 03:05:58 - [TAB v4.1.2] Something just tried to add player AXYETb into team CIT-8270c8e1d26e (expected team: 1AXYETbA)
30.06.2024 - 03:10:35 - [TAB v4.1.2] Something just tried to add player AXYETb into team CIT-8270c8e1d26e (expected team: 1AXYETbA)
30.06.2024 - 16:26:48 - [TAB v4.1.2] Something just tried to add player AXYETb into team CIT-8270c8e1d26e (expected team: 1AXYETbA)
30.06.2024 - 16:57:09 - [TAB v4.1.2] Something just tried to add player AXYETb into team CIT-8270c8e1d26e (expected team: 1AXYETbA)
30.06.2024 - 17:26:02 - [TAB v4.1.2] Something just tried to add player AXYETb into team CIT-8270c8e1d26e (expected team: 4AXYETbA)
30.06.2024 - 19:15:50 - [TAB v4.1.2] Something just tried to add player AXYETb into team CIT-8270c8e1d26e (expected team: 1AXYETbA)
30.06.2024 - 21:12:38 - [TAB v4.1.2] Something just tried to add player AXYETb into team CIT-8270c8e1d26e (expected team: 1AXYETbA)
30.06.2024 - 21:33:49 - [TAB v4.1.2] Something just tried to add player AXYETb into team CIT-8270c8e1d26e (expected team: 1AXYETbA)
30.06.2024 - 21:38:19 - [TAB v4.1.2] Something just tried to add player AXYETb into team CIT-8270c8e1d26e (expected team: 1AXYETbA)
30.06.2024 - 21:50:09 - [TAB v4.1.2] Something just tried to add player AXYETb into team CIT-8270c8e1d26e (expected team: 1AXYETbA)
30.06.2024 - 21:55:00 - [TAB v4.1.2] Something just tried to add player AXYETb into team CIT-8270c8e1d26e (expected team: 1AXYETbA)
30.06.2024 - 21:57:14 - [TAB v4.1.2] Something just tried to add player AXYETb into team CIT-8270c8e1d26e (expected team: 1AXYETbA)
30.06.2024 - 22:05:26 - [TAB v4.1.2] Something just tried to add player AXYETb into team CIT-8270c8e1d26e (expected team: 1AXYETbA)
30.06.2024 - 22:07:58 - [TAB v4.1.2] Something just tried to add player AXYETb into team CIT-8270c8e1d26e (expected team: 1AXYETbA)
30.06.2024 - 22:14:51 - [TAB v4.1.2] Something just tried to add player AXYETb into team CIT-8270c8e1d26e (expected team: 1AXYETbA)
01.07.2024 - 00:38:18 - [TAB v4.1.2] Something just tried to add player 7udv into team BBLUE (expected team: 27udvA)
01.07.2024 - 00:38:18 - [TAB v4.1.2] Something just tried to add player AXYETb into team ARED (expected team: 1AXYETbA)
01.07.2024 - 00:38:18 - [TAB v4.1.2] Something just tried to add player 7udv into team BBLUE (expected team: 27udvA)
01.07.2024 - 00:38:18 - [TAB v4.1.2] Something just tried to add player AXYETb into team ARED (expected team: 1AXYETbA)
01.07.2024 - 00:39:44 - [TAB v4.1.2] Something just tried to add player AXYETb into team CIT-8270c8e1d26e (expected team: 1AXYETbA)
01.07.2024 - 00:47:08 - [TAB v4.1.2] Something just tried to add player AXYETb into team CIT-8270c8e1d26e (expected team: 1AXYETbA)
01.07.2024 - 03:15:37 - [TAB v4.1.2] Something just tried to add player AXYETb into team CIT-8270c8e1d26e (expected team: 1AXYETbA)
01.07.2024 - 04:19:07 - [TAB v4.1.2] Something just tried to add player AXYETb into team CIT-8270c8e1d26e (expected team: 1AXYETbA)
01.07.2024 - 05:55:53 - [TAB v4.1.2] Something just tried to add player AXYETb into team CIT-8270c8e1d26e (expected team: :AXYETbA)
01.07.2024 - 06:09:00 - [TAB v4.1.2] Something just tried to add player AXYETb into team CIT-8270c8e1d26e (expected team: 9AXYETbA)
01.07.2024 - 06:23:34 - [TAB v4.1.2] Something just tried to add player AXYETb into team CIT-8270c8e1d26e (expected team: 1AXYETbA)
01.07.2024 - 06:24:50 - [TAB v4.1.2] Something just tried to add player AXYETb into team CIT-8270c8e1d26e (expected team: 3AXYETbA)
01.07.2024 - 06:25:24 - [TAB v4.1.2] Something just tried to add player AXYETb into team CIT-8270c8e1d26e (expected team: 1AXYETbA)
01.07.2024 - 09:55:04 - [TAB v4.1.2] Something just tried to add player AXYETb into team CIT-8270c8e1d26e (expected team: :AXYETbA)
01.07.2024 - 09:56:26 - [TAB v4.1.2] Something just tried to add player AXYETb into team CIT-8270c8e1d26e (expected team: 1AXYETbA)
01.07.2024 - 10:21:55 - [TAB v4.1.2] Something just tried to add player AXYETb into team CIT-8270c8e1d26e (expected team: 1AXYETbA)
01.07.2024 - 10:26:10 - [TAB v4.1.2] Something just tried to add player AXYETb into team CIT-8270c8e1d26e (expected team: 1AXYETbA)
01.07.2024 - 10:39:32 - [TAB v4.1.2] Something just tried to add player GlooMeeMurasame into team 1AXYETbA (expected team: :GlooMeeMurasamA)
01.07.2024 - 10:39:32 - [TAB v4.1.2] Something just tried to add player GlooMeeMurasame into team CIT-8270c8e1d26e (expected team: :GlooMeeMurasamA)
01.07.2024 - 10:39:42 - [TAB v4.1.2] Something just tried to add player GlooMeeMurasame into team 1AXYETbA (expected team: :GlooMeeMurasamA)
01.07.2024 - 10:39:42 - [TAB v4.1.2] Something just tried to add player AXYETb into team CIT-8270c8e1d26e (expected team: 1AXYETbA)
01.07.2024 - 16:35:41 - [TAB v4.1.2] Something just tried to add player s3rviqiis into team CIT-95f8121b1a15 (expected team: :s3rviqiisA)
01.07.2024 - 16:35:41 - [TAB v4.1.2] Something just tried to add player AXYETb into team CIT-8270c8e1d26e (expected team: 1AXYETbA)
01.07.2024 - 16:36:30 - [TAB v4.1.2] Something just tried to add player s3rviqiis into team CIT-95f8121b1a15 (expected team: :s3rviqiisA)
01.07.2024 - 16:36:30 - [TAB v4.1.2] Something just tried to add player AXYETb into team CIT-8270c8e1d26e (expected team: 1AXYETbA)
01.07.2024 - 16:36:55 - [TAB v4.1.2] Something just tried to add player s3rviqiis into team CIT-95f8121b1a15 (expected team: :s3rviqiisA)
01.07.2024 - 16:36:55 - [TAB v4.1.2] Something just tried to add player AXYETb into team CIT-8270c8e1d26e (expected team: 1AXYETbA)
01.07.2024 - 17:02:25 - [TAB v4.1.2] Something just tried to add player AXYETb into team CIT-8270c8e1d26e (expected team: 1AXYETbA)
01.07.2024 - 17:08:36 - [TAB v4.1.2] Something just tried to add player AXYETb into team CIT-8270c8e1d26e (expected team: 1AXYETbA)
01.07.2024 - 17:12:26 - [TAB v4.1.2] Something just tried to add player AXYETb into team CIT-8270c8e1d26e (expected team: 1AXYETbA)
01.07.2024 - 17:18:18 - [TAB v4.1.2] Something just tried to add player AXYETb into team CIT-8270c8e1d26e (expected team: 1AXYETbA)
01.07.2024 - 17:25:41 - [TAB v4.1.2] Something just tried to add player AXYETb into team CIT-8270c8e1d26e (expected team: 1AXYETbA)
01.07.2024 - 17:27:22 - [TAB v4.1.2] Something just tried to add player AXYETb into team CIT-8270c8e1d26e (expected team: 1AXYETbA)
01.07.2024 - 17:37:32 - [TAB v4.1.2] Something just tried to add player AXYETb into team CIT-8270c8e1d26e (expected team: 1AXYETbA)
01.07.2024 - 17:48:24 - [TAB v4.1.2] Something just tried to add player AXYETb into team CIT-8270c8e1d26e (expected team: :AXYETbA)
01.07.2024 - 18:07:11 - [TAB v4.1.2] Something just tried to add player AXYETb into team CIT-8270c8e1d26e (expected team: 3AXYETbA)
01.07.2024 - 18:08:50 - [TAB v4.1.2] Something just tried to add player AXYETb into team CIT-8270c8e1d26e (expected team: :AXYETbA)
01.07.2024 - 18:09:21 - [TAB v4.1.2] Something just tried to add player AXYETb into team CIT-8270c8e1d26e (expected team: 1AXYETbA)
01.07.2024 - 19:07:19 - [TAB v4.1.2] Something just tried to add player AXYETb into team CIT-8270c8e1d26e (expected team: 1AXYETbA)
02.07.2024 - 16:31:57 - [TAB v4.1.2] Something just tried to add player AXYETb into team CIT-8270c8e1d26e (expected team: 1AXYETbA)
02.07.2024 - 21:10:30 - [TAB v4.1.2] Something just tried to add player AXYETb into team CIT-8270c8e1d26e (expected team: 1AXYETbA)
03.07.2024 - 20:43:39 - [TAB v4.1.2] Something just tried to add player AXYETb into team CIT-8270c8e1d26e (expected team: 1AXYETbA)
04.07.2024 - 02:03:22 - [TAB v4.1.2] Something just tried to add player AXYETb into team CIT-8270c8e1d26e (expected team: :AXYETbA)
04.07.2024 - 02:14:58 - [TAB v4.1.2] Something just tried to add player AXYETb into team CIT-8270c8e1d26e (expected team: 1AXYETbA)
04.07.2024 - 05:24:45 - [TAB v4.1.2] Something just tried to add player AXYETb into team CIT-8270c8e1d26e (expected team: 1AXYETbA)
04.07.2024 - 08:33:24 - [TAB v4.1.2] Something just tried to add player AXYETb into team CIT-8270c8e1d26e (expected team: 1AXYETbA)
04.07.2024 - 19:56:53 - [TAB v4.1.2] Something just tried to add player AXYETb into team CIT-8270c8e1d26e (expected team: 1AXYETbA)
04.07.2024 - 22:40:27 - [TAB v4.1.2] Something just tried to add player AXYETb into team CIT-8270c8e1d26e (expected team: 1AXYETbA)
04.07.2024 - 23:00:20 - [TAB v4.1.2] Something just tried to add player AXYETb into team CIT-8270c8e1d26e (expected team: :AXYETbA)
04.07.2024 - 23:12:26 - [TAB v4.1.2] Something just tried to add player AXYETb into team CIT-8270c8e1d26e (expected team: 1AXYETbA)
05.07.2024 - 14:18:18 - [TAB v4.1.2] Something just tried to add player AXYETb into team CIT-8270c8e1d26e (expected team: 1AXYETbA)
05.07.2024 - 14:57:50 - [TAB v4.1.2] Something just tried to add player AXYETb into team CIT-8270c8e1d26e (expected team: 1AXYETbA)
05.07.2024 - 15:08:07 - [TAB v4.1.2] Something just tried to add player AXYETb into team CIT-8270c8e1d26e (expected team: 1AXYETbA)
05.07.2024 - 15:09:20 - [TAB v4.1.2] Something just tried to add player AXYETb into team CIT-8270c8e1d26e (expected team: 2AXYETbA)
05.07.2024 - 15:11:37 - [TAB v4.1.2] Something just tried to add player AXYETb into team CIT-8270c8e1d26e (expected team: 2AXYETbA)
05.07.2024 - 15:13:24 - [TAB v4.1.2] Something just tried to add player AXYETb into team CIT-8270c8e1d26e (expected team: 2AXYETbA)
21.07.2024 - 23:28:57 - [TAB v4.1.2] Something just tried to add player AXYETb into team CIT-8270c8e1d26e (expected team: 1AXYETbA)
21.07.2024 - 23:30:53 - [TAB v4.1.2] Something just tried to add player AXYETb into team CIT-8270c8e1d26e (expected team: 1AXYETbA)
21.07.2024 - 23:36:13 - [TAB v4.1.2] Something just tried to add player AXYETb into team CIT-8270c8e1d26e (expected team: 1AXYETbA)
21.07.2024 - 23:59:03 - [TAB v4.1.2] Something just tried to add player AXYETb into team CIT-8270c8e1d26e (expected team: 1AXYETbA)
22.07.2024 - 00:01:22 - [TAB v4.1.2] Something just tried to add player AXYETb into team CIT-8270c8e1d26e (expected team: 1AXYETbA)
22.07.2024 - 00:03:22 - [TAB v4.1.2] Something just tried to add player AXYETb into team CIT-8270c8e1d26e (expected team: 1AXYETbA)
23.07.2024 - 13:21:59 - [TAB v4.1.2] Something just tried to add player AXYETb into team CIT-8270c8e1d26e (expected team: 1AXYETbA)
23.07.2024 - 13:24:25 - [TAB v4.1.2] Something just tried to add player AXYETb into team CIT-8270c8e1d26e (expected team: 1AXYETbA)
23.07.2024 - 13:30:50 - [TAB v4.1.2] Something just tried to add player AXYETb into team CIT-8270c8e1d26e (expected team: :AXYETbA)
26.07.2024 - 12:03:32 - [TAB v4.1.2] Something just tried to add player AXYETb into team CIT-8270c8e1d26e (expected team: :AXYETbA)
26.07.2024 - 12:06:21 - [TAB v4.1.2] Something just tried to add player AXYETb into team CIT-8270c8e1d26e (expected team: :AXYETbA)
26.07.2024 - 12:07:19 - [TAB v4.1.2] Something just tried to add player AXYETb into team CIT-8270c8e1d26e (expected team: 1AXYETbA)
26.07.2024 - 12:14:54 - [TAB v4.1.2] Something just tried to add player AXYETb into team CIT-8270c8e1d26e (expected team: 1AXYETbA)
26.07.2024 - 21:14:11 - [TAB v4.1.2] Something just tried to add player AXYETb into team CIT-8270c8e1d26e (expected team: 1AXYETbA)
26.07.2024 - 21:15:18 - [TAB v4.1.2] Something just tried to add player AXYETb into team CIT-8270c8e1d26e (expected team: 8AXYETbA)
26.07.2024 - 21:22:44 - [TAB v4.1.2] Something just tried to add player AXYETb into team CIT-8270c8e1d26e (expected team: :AXYETbA)
26.07.2024 - 21:29:14 - [TAB v4.1.2] Something just tried to add player AXYETb into team CIT-8270c8e1d26e (expected team: 1AXYETbA)
26.07.2024 - 21:32:15 - [TAB v4.1.2] Something just tried to add player AXYETb into team CIT-8270c8e1d26e (expected team: 2AXYETbA)
26.07.2024 - 21:32:26 - [TAB v4.1.2] Something just tried to add player AXYETb into team CIT-8270c8e1d26e (expected team: 8AXYETbA)
26.07.2024 - 21:39:08 - [TAB v4.1.2] Something just tried to add player AXYETb into team CIT-8270c8e1d26e (expected team: 2AXYETbA)
26.07.2024 - 21:46:32 - [TAB v4.1.2] Something just tried to add player AXYETb into team CIT-8270c8e1d26e (expected team: :AXYETbA)
26.07.2024 - 21:57:29 - [TAB v4.1.2] Something just tried to add player AXYETb into team CIT-8270c8e1d26e (expected team: :AXYETbA)
26.07.2024 - 21:59:56 - [TAB v4.1.2] Something just tried to add player AXYETb into team CIT-8270c8e1d26e (expected team: 2AXYETbA)
26.07.2024 - 22:13:58 - [TAB v4.1.2] Something just tried to add player AXYETb into team CIT-8270c8e1d26e (expected team: 2AXYETbA)
26.07.2024 - 22:29:53 - [TAB v4.1.2] Something just tried to add player AXYETb into team CIT-8270c8e1d26e (expected team: :AXYETbA)
26.07.2024 - 22:32:30 - [TAB v4.1.2] Something just tried to add player AXYETb into team CIT-8270c8e1d26e (expected team: 1AXYETbA)
26.07.2024 - 23:39:07 - [TAB v4.1.2] Something just tried to add player AXYETb into team CIT-8270c8e1d26e (expected team: 1AXYETbA)
26.07.2024 - 23:41:42 - [TAB v4.1.2] Something just tried to add player AXYETb into team CIT-8270c8e1d26e (expected team: 1AXYETbA)
26.07.2024 - 23:47:10 - [TAB v4.1.2] Something just tried to add player AXYETb into team CIT-8270c8e1d26e (expected team: 1AXYETbA)
26.07.2024 - 23:50:43 - [TAB v4.1.2] Something just tried to add player AXYETb into team CIT-8270c8e1d26e (expected team: 1AXYETbA)
27.07.2024 - 00:31:21 - [TAB v4.1.2] Something just tried to add player AXYETb into team CIT-8270c8e1d26e (expected team: 2AXYETbA)
27.07.2024 - 00:32:18 - [TAB v4.1.2] Something just tried to add player AXYETb into team CIT-8270c8e1d26e (expected team: 2AXYETbA)
27.07.2024 - 00:33:15 - [TAB v4.1.2] Something just tried to add player AXYETb into team CIT-8270c8e1d26e (expected team: 2AXYETbA)
27.07.2024 - 10:27:42 - [TAB v4.1.2] Something just tried to add player AXYETb into team CIT-8270c8e1d26e (expected team: 1AXYETbA)
27.07.2024 - 10:40:16 - [TAB v4.1.2] Something just tried to add player AXYETb into team CIT-8270c8e1d26e (expected team: 2AXYETbA)
27.07.2024 - 10:43:19 - [TAB v4.1.2] Something just tried to add player AXYETb into team CIT-8270c8e1d26e (expected team: 1AXYETbA)
27.07.2024 - 11:02:28 - [TAB v4.1.2] Something just tried to add player AXYETb into team CIT-8270c8e1d26e (expected team: ;AXYETbA)
27.07.2024 - 11:04:18 - [TAB v4.1.2] Something just tried to add player AXYETb into team CIT-8270c8e1d26e (expected team: ;AXYETbA)
27.07.2024 - 11:05:13 - [TAB v4.1.2] Something just tried to add player AXYETb into team CIT-8270c8e1d26e (expected team: ;AXYETbA)
27.07.2024 - 11:09:16 - [TAB v4.1.2] Something just tried to add player AXYETb into team CIT-8270c8e1d26e (expected team: 1AXYETbA)
27.07.2024 - 11:11:18 - [TAB v4.1.2] Something just tried to add player AXYETb into team CIT-8270c8e1d26e (expected team: 1AXYETbA)
27.07.2024 - 11:13:14 - [TAB v4.1.2] Something just tried to add player AXYETb into team CIT-8270c8e1d26e (expected team: 1AXYETbA)
27.07.2024 - 11:18:36 - [TAB v4.1.2] Something just tried to add player AXYETb into team CIT-8270c8e1d26e (expected team: 1AXYETbA)
27.07.2024 - 11:20:28 - [TAB v4.1.2] Something just tried to add player AXYETb into team CIT-8270c8e1d26e (expected team: 1AXYETbA)
27.07.2024 - 11:22:18 - [TAB v4.1.2] Something just tried to add player AXYETb into team CIT-8270c8e1d26e (expected team: 1AXYETbA)
27.07.2024 - 11:24:53 - [TAB v4.1.2] Something just tried to add player AXYETb into team CIT-8270c8e1d26e (expected team: 1AXYETbA)
27.07.2024 - 11:28:52 - [TAB v4.1.2] Something just tried to add player AXYETb into team CIT-8270c8e1d26e (expected team: 1AXYETbA)
27.07.2024 - 11:34:50 - [TAB v4.1.2] Something just tried to add player AXYETb into team CIT-8270c8e1d26e (expected team: 1AXYETbA)
27.07.2024 - 11:36:42 - [TAB v4.1.2] Something just tried to add player AXYETb into team CIT-8270c8e1d26e (expected team: 1AXYETbA)
27.07.2024 - 11:38:03 - [TAB v4.1.2] Something just tried to add player AXYETb into team CIT-8270c8e1d26e (expected team: 1AXYETbA)
27.07.2024 - 11:39:43 - [TAB v4.1.2] Something just tried to add player AXYETb into team CIT-8270c8e1d26e (expected team: 1AXYETbA)
27.07.2024 - 11:40:58 - [TAB v4.1.2] Something just tried to add player AXYETb into team CIT-8270c8e1d26e (expected team: 1AXYETbA)
27.07.2024 - 11:47:16 - [TAB v4.1.2] Something just tried to add player AXYETb into team CIT-8270c8e1d26e (expected team: 1AXYETbA)
27.07.2024 - 11:48:03 - [TAB v4.1.2] Something just tried to add player AXYETb into team CIT-8270c8e1d26e (expected team: 1AXYETbA)
27.07.2024 - 12:03:41 - [TAB v4.1.2] Something just tried to add player AXYETb into team CIT-8270c8e1d26e (expected team: 1AXYETbA)
27.07.2024 - 13:02:14 - [TAB v4.1.2] Something just tried to add player AXYETb into team CIT-8270c8e1d26e (expected team: 1AXYETbA)
27.07.2024 - 21:54:54 - [TAB v4.1.2] Something just tried to add player AXYETb into team CIT-f50870d8818c (expected team: 2AXYETbA)
27.07.2024 - 21:54:54 - [TAB v4.1.2] Something just tried to add player AXYETb into team CIT-f50870d8818c (expected team: 2AXYETbA)
28.07.2024 - 23:45:09 - [TAB v4.1.2] Something just tried to add player AXYETb into team CIT-1f18a619fbc0 (expected team: 1AXYETbA)
29.07.2024 - 18:42:16 - [TAB v4.1.2] Something just tried to add player kalugaprime into team CIT-935d82263470 (expected team: :kalugaprimeA)
29.07.2024 - 23:53:50 - [TAB v4.1.2] Something just tried to add player Sm0ky21 into team CIT-23d19009ff40 (expected team: :Sm0ky21A)
31.07.2024 - 14:39:48 - [TAB v4.1.2] Something just tried to add player Sm0ky21 into team CIT-ec1f6905b6eb (expected team: :Sm0ky21A)
31.07.2024 - 14:58:38 - [TAB v4.1.2] Something just tried to add player Sm0ky21 into team CIT-a110eeddc3f6 (expected team: :Sm0ky21A)
31.07.2024 - 21:42:06 - [TAB v4.1.2] Something just tried to add player Tpayp into team CIT-5db4c2858cb2 (expected team: 1TpaypA)
31.07.2024 - 21:42:06 - [TAB v4.1.2] Something just tried to add player Tpayp into team CIT-5db4c2858cb2 (expected team: 1TpaypA)
31.07.2024 - 22:02:30 - [TAB v4.1.2] Something just tried to add player Sm0ky21 into team CIT-c5a743c43a65 (expected team: :Sm0ky21A)
31.07.2024 - 22:02:30 - [TAB v4.1.2] Something just tried to add player Sm0ky21 into team CIT-c5a743c43a65 (expected team: :Sm0ky21A)
31.07.2024 - 22:04:44 - [TAB v4.1.2] Something just tried to add player Sm0ky21 into team CIT-c82876d7bb08 (expected team: :Sm0ky21A)
31.07.2024 - 22:06:53 - [TAB v4.1.2] Something just tried to add player Sm0ky21 into team CIT-86e28933645d (expected team: :Sm0ky21A)
31.07.2024 - 22:06:53 - [TAB v4.1.2] Something just tried to add player Sm0ky21 into team CIT-86e28933645d (expected team: :Sm0ky21A)
31.07.2024 - 22:17:44 - [TAB v4.1.2] Something just tried to add player Sm0ky21 into team CIT-e6cd1e5a46c7 (expected team: :Sm0ky21A)
31.07.2024 - 22:26:06 - [TAB v4.1.2] Something just tried to add player Sm0ky21 into team CIT-6ed70004d48e (expected team: :Sm0ky21A)
31.07.2024 - 22:26:06 - [TAB v4.1.2] Something just tried to add player Sm0ky21 into team CIT-6ed70004d48e (expected team: :Sm0ky21A)
31.07.2024 - 22:59:33 - [TAB v4.1.2] Something just tried to add player Sm0ky21 into team CIT-be88c0ec9742 (expected team: :Sm0ky21A)
31.07.2024 - 22:59:33 - [TAB v4.1.2] Something just tried to add player Sm0ky21 into team CIT-be88c0ec9742 (expected team: :Sm0ky21A)
31.07.2024 - 22:59:33 - [TAB v4.1.2] Something just tried to add player Sm0ky21 into team CIT-be88c0ec9742 (expected team: :Sm0ky21A)
01.08.2024 - 00:14:30 - [TAB v4.1.2] Something just tried to add player Tpayp into team CIT-09476792a8db (expected team: 1TpaypA)
01.08.2024 - 02:01:21 - [TAB v4.1.2] Something just tried to add player Sm0ky21 into team CIT-be88c0ec9742 (expected team: :Sm0ky21A)
02.08.2024 - 20:25:47 - [TAB v4.1.2] Something just tried to add player Lescwqa into team CIT-93a438937aa4 (expected team: :LescwqaA)
02.08.2024 - 20:48:25 - [TAB v4.1.2] Something just tried to add player WebStyxe into team CIT-79a694068faf (expected team: 2WebStyxeA)
03.08.2024 - 01:36:18 - [TAB v4.1.2] Something just tried to add player Sm0ky21 into team CIT-be88c0ec9742 (expected team: :Sm0ky21A)
03.08.2024 - 20:26:39 - [TAB v4.1.2] Something just tried to add player WebStyxe into team CIT-79a694068faf (expected team: 2WebStyxeA)
04.08.2024 - 13:00:12 - [TAB v4.1.2] Something just tried to add player Lescwqa into team CIT-93a438937aa4 (expected team: :LescwqaA)
04.08.2024 - 13:10:43 - [TAB v4.1.2] Something just tried to add player Lescwqa into team CIT-67d2531d9a73 (expected team: 2LescwqaA)
04.08.2024 - 13:10:43 - [TAB v4.1.2] Something just tried to add player Lescwqa into team CIT-67d2531d9a73 (expected team: 2LescwqaA)
04.08.2024 - 13:38:49 - [TAB v4.1.2] Something just tried to add player Lescwqa into team CIT-c3fd32877cdf (expected team: ;LescwqaA)
04.08.2024 - 13:38:49 - [TAB v4.1.2] Something just tried to add player Lescwqa into team CIT-c3fd32877cdf (expected team: ;LescwqaA)
10.08.2024 - 17:53:36 - [TAB v4.1.2] Something just tried to add player kalugaprime into team CIT-e714cd748ae4 (expected team: :kalugaprimeA)
10.08.2024 - 23:36:54 - [TAB v4.1.2] Something just tried to add player kalugaprime into team CIT-807ccc846ccd (expected team: 8kalugaprimeA)
11.08.2024 - 03:10:41 - [TAB v4.1.2] Something just tried to add player B_TAHKE into team CIT-9706c7088cc9 (expected team: 3B_TAHKEA)
11.08.2024 - 15:40:39 - [TAB v4.1.2] Something just tried to add player Sm0ky21 into team CIT-1c39e1e55c2a (expected team: 8Sm0ky21A)
11.08.2024 - 15:40:39 - [TAB v4.1.2] Something just tried to add player Sm0ky21 into team CIT-1c39e1e55c2a (expected team: 8Sm0ky21A)
11.08.2024 - 21:17:59 - [TAB v4.1.2] Something just tried to add player kalugaprime into team CIT-5a4557b297a8 (expected team: 8kalugaprimeA)
11.08.2024 - 22:50:10 - [TAB v4.1.2] Something just tried to add player AXYETb into team CIT-7958da062948 (expected team: 0AXYETbA)
23.08.2024 - 12:04:20 - [TAB v4.1.2] Something just tried to add player TheDeony into team CIT-d6636e84a7f4 (expected team: 3TheDeonyA)
25.08.2024 - 00:28:44 - [TAB v4.1.2] Something just tried to add player RusskaKupwa into team CIT-f345c953c6ca (expected team: 0RusskaKupwaA)
25.08.2024 - 10:44:39 - [TAB v4.1.2] Something just tried to add player TheDeony into team CIT-d6636e84a7f4 (expected team: 3TheDeonyA)
01.09.2024 - 22:58:26 - [TAB v4.1.2] Something just tried to add player TheDeony into team CIT-9b9f26459f5b (expected team: 3TheDeonyA)
01.09.2024 - 23:20:50 - [TAB v4.1.2] Something just tried to add player xraenxie into team CIT-33e6c89869e5 (expected team: 8xraenxieA)
02.09.2024 - 12:59:55 - [TAB v4.1.2] Something just tried to add player TheDeony into team CIT-9b9f26459f5b (expected team: 3TheDeonyA)
02.09.2024 - 14:01:51 - [TAB v4.1.2] Something just tried to add player TheDeony into team CIT-9b9f26459f5b (expected team: 9TheDeonyA)
02.09.2024 - 15:10:15 - [TAB v4.1.2] Something just tried to add player xraenxie into team CIT-33e6c89869e5 (expected team: 8xraenxieA)
02.09.2024 - 15:28:53 - [TAB v4.1.2] Something just tried to add player AXYETb into team CIT-392246c9b4d7 (expected team: 0AXYETbA)
02.09.2024 - 16:42:43 - [TAB v4.1.2] Something just tried to add player I7NHV into team CIT-6def5f9e6236 (expected team: 8I7NHVA)
02.09.2024 - 16:56:28 - [TAB v4.1.2] Something just tried to add player TheDeony into team CIT-9b9f26459f5b (expected team: 9TheDeonyA)
02.09.2024 - 17:26:21 - [TAB v4.1.2] Something just tried to add player AXYETb into team CIT-392246c9b4d7 (expected team: 0AXYETbA)
02.09.2024 - 20:53:25 - [TAB v4.1.2] Something just tried to add player TheDeony into team CIT-9b9f26459f5b (expected team: 9TheDeonyA)
03.09.2024 - 16:30:59 - [TAB v4.1.2] Something just tried to add player AXYETb into team CIT-392246c9b4d7 (expected team: 0AXYETbA)
06.09.2024 - 17:31:24 - [TAB v4.1.2] Something just tried to add player Sm0ky21 into team CIT-8299384cd5de (expected team: 8Sm0ky21A)
06.09.2024 - 17:31:24 - [TAB v4.1.2] Something just tried to add player Sm0ky21 into team CIT-8299384cd5de (expected team: 8Sm0ky21A)
07.09.2024 - 09:39:17 - [TAB v4.1.2] Something just tried to add player insize into team CIT-9430f156387a (expected team: 8insizeA)
07.09.2024 - 10:08:45 - [TAB v4.1.2] Something just tried to add player aaaaaaaa2134 into team CIT-c0478706a939 (expected team: 8aaaaaaaa2134A)
09.09.2024 - 20:01:38 - [TAB v4.1.2] Something just tried to add player AXYETb into team CIT-963562a1ed8d (expected team: 0AXYETbA)
09.09.2024 - 23:12:24 - [TAB v4.1.2] Something just tried to add player 96696 into team CIT-f9bc428c5804 (expected team: 196696A)
10.09.2024 - 09:59:33 - [TAB v4.1.2] Something just tried to add player Tpayp into team CIT-fdf8c3818458 (expected team: 5TpaypA)
10.09.2024 - 19:09:59 - [TAB v4.1.2] Something just tried to add player AXYETb into team CIT-963562a1ed8d (expected team: 0AXYETbA)
14.09.2024 - 13:44:39 - [TAB v4.1.2] Something just tried to add player RusskaKupwa into team CIT-2de9e20d83b7 (expected team: 0RusskaKupwaA)
21.09.2024 - 02:36:42 - [TAB v4.1.2] Something just tried to add player B_TAHKE into team CIT-a167db5de150 (expected team: 2B_TAHKEA)
24.09.2024 - 19:00:30 - [TAB v4.1.2] Something just tried to add player AXYETb into team CIT-4d11c64de945 (expected team: 0AXYETbA)
10.10.2024 - 12:39:20 - [TAB v4.1.2] Something just tried to add player AXYETb into team CIT-bed5d3041076 (expected team: 0AXYETbA)
14.10.2024 - 00:44:56 - [TAB v4.1.2] Something just tried to add player drawfamous into team CIT-50562e786bab (expected team: 8drawfamousA)
19.10.2024 - 22:20:40 - [TAB v4.1.2] Something just tried to add player Tpayp into team CIT-3e8daf358ad6 (expected team: 8TpaypA)
21.10.2024 - 20:08:04 - [TAB v4.1.2] Something just tried to add player _aq1rwx_ into team CIT-ed273b57a984 (expected team: 2_aq1rwx_A)
21.10.2024 - 20:18:05 - [TAB v4.1.2] Something just tried to add player _aq1rwx_ into team CIT-ed273b57a984 (expected team: 8_aq1rwx_A)
23.10.2024 - 18:39:55 - [TAB v4.1.2] Something just tried to add player AloneCCG into team CIT-dcb38ae9d8af (expected team: 8AloneCCGA)
24.10.2024 - 06:33:27 - [TAB v4.1.2] Something just tried to add player Tpayp into team CIT-e581972facd4 (expected team: 4TpaypA)
24.10.2024 - 20:35:32 - [TAB v4.1.2] Something just tried to add player pastaling into team CIT-7f4e70e6eae9 (expected team: 8pastalingA)
25.10.2024 - 11:03:11 - [TAB v4.1.2] Something just tried to add player AXYETb into team CIT-986c233faea6 (expected team: 0AXYETbA)
25.10.2024 - 17:22:49 - [TAB v4.1.2] Something just tried to add player pastaling into team CIT-7f4e70e6eae9 (expected team: 8pastalingA)
26.10.2024 - 09:04:54 - [TAB v4.1.2] Something just tried to add player drawfamous into team CIT-7b495c91f51b (expected team: 8drawfamousA)
26.10.2024 - 11:18:55 - [TAB v4.1.2] Something just tried to add player AXYETb into team CIT-986c233faea6 (expected team: 0AXYETbA)
27.10.2024 - 13:12:09 - [TAB v4.1.2] Something just tried to add player pastaling into team CIT-8c37e10ae316 (expected team: 8pastalingA)
