28.03.2024 - 15:23:23 - [TAB v4.1.2] Something just tried to add player AXYETb into team 0001 (expected team: 0AXYETbA)
09.04.2024 - 15:54:56 - [TAB v4.1.2] Something just tried to add player Bladelez into team 0020 (expected team: 9BladelezA)
09.04.2024 - 19:55:57 - [TAB v4.1.2] Something just tried to add player 7udv into team 0001 (expected team: 07udvA)
13.04.2024 - 00:46:42 - [TAB v4.1.2] Something just tried to add player AXYETb into team CIT-8270c8e1d26e (expected team: 0AXYETbA)
20.04.2024 - 13:15:01 - [TAB v4.1.2] Something just tried to add player AXYETb into team CIT-8270c8e1d26e (expected team: 1AXYETbA)
20.04.2024 - 15:18:56 - [TAB v4.1.2] Something just tried to add player AXYETb into team CIT-8270c8e1d26e (expected team: 1AXYETbA)
20.04.2024 - 15:21:22 - [TAB v4.1.2] Something just tried to add player AXYETb into team CIT-8270c8e1d26e (expected team: 1AXYETbA)
20.04.2024 - 15:22:25 - [TAB v4.1.2] Something just tried to add player AXYETb into team CIT-8270c8e1d26e (expected team: 1AXYETbA)
22.04.2024 - 21:10:17 - [TAB v4.1.2] Something just tried to add player AXYETb into team CIT-8270c8e1d26e (expected team: 1AXYETbA)
25.04.2024 - 12:06:48 - [TAB v4.1.2] Something just tried to add player AXYETb into team CIT-8270c8e1d26e (expected team: 1AXYETbA)
26.04.2024 - 13:02:50 - [TAB v4.1.2] Something just tried to add player AXYETb into team CIT-8270c8e1d26e (expected team: :AXYETbA)
26.04.2024 - 21:48:25 - [TAB v4.1.2] Something just tried to add player AXYETb into team CIT-8270c8e1d26e (expected team: :AXYETbA)
26.04.2024 - 21:57:46 - [TAB v4.1.2] Something just tried to add player AXYETb into team CIT-8270c8e1d26e (expected team: 1AXYETbA)
06.05.2024 - 20:00:19 - [TAB v4.1.2] Something just tried to add player AXYETb into team CIT-8270c8e1d26e (expected team: 1AXYETbA)
12.05.2024 - 21:24:57 - [TAB v4.1.2] Something just tried to add player AXYETb into team CIT-8270c8e1d26e (expected team: 1AXYETbA)
15.05.2024 - 00:15:46 - [TAB v4.1.2] Something just tried to add player AXYETb into team CIT-8270c8e1d26e (expected team: 1AXYETbA)
16.05.2024 - 12:20:53 - [TAB v4.1.2] Something just tried to add player AXYETb into team CIT-8270c8e1d26e (expected team: 1AXYETbA)
22.05.2024 - 11:37:08 - [TAB v4.1.2] Something just tried to add player s3rviqiis into team CIT-95f8121b1a15 (expected team: 7s3rviqiisA)
30.06.2024 - 03:05:58 - [TAB v4.1.2] Something just tried to add player AXYETb into team CIT-8270c8e1d26e (expected team: 1AXYETbA)
30.06.2024 - 03:10:35 - [TAB v4.1.2] Something just tried to add player AXYETb into team CIT-8270c8e1d26e (expected team: 1AXYETbA)
30.06.2024 - 16:26:48 - [TAB v4.1.2] Something just tried to add player AXYETb into team CIT-8270c8e1d26e (expected team: 1AXYETbA)
30.06.2024 - 16:57:09 - [TAB v4.1.2] Something just tried to add player AXYETb into team CIT-8270c8e1d26e (expected team: 1AXYETbA)
30.06.2024 - 17:26:02 - [TAB v4.1.2] Something just tried to add player AXYETb into team CIT-8270c8e1d26e (expected team: 4AXYETbA)
30.06.2024 - 19:15:50 - [TAB v4.1.2] Something just tried to add player AXYETb into team CIT-8270c8e1d26e (expected team: 1AXYETbA)
30.06.2024 - 21:12:38 - [TAB v4.1.2] Something just tried to add player AXYETb into team CIT-8270c8e1d26e (expected team: 1AXYETbA)
30.06.2024 - 21:33:49 - [TAB v4.1.2] Something just tried to add player AXYETb into team CIT-8270c8e1d26e (expected team: 1AXYETbA)
30.06.2024 - 21:38:19 - [TAB v4.1.2] Something just tried to add player AXYETb into team CIT-8270c8e1d26e (expected team: 1AXYETbA)
30.06.2024 - 21:50:09 - [TAB v4.1.2] Something just tried to add player AXYETb into team CIT-8270c8e1d26e (expected team: 1AXYETbA)
30.06.2024 - 21:55:00 - [TAB v4.1.2] Something just tried to add player AXYETb into team CIT-8270c8e1d26e (expected team: 1AXYETbA)
30.06.2024 - 21:57:14 - [TAB v4.1.2] Something just tried to add player AXYETb into team CIT-8270c8e1d26e (expected team: 1AXYETbA)
30.06.2024 - 22:05:26 - [TAB v4.1.2] Something just tried to add player AXYETb into team CIT-8270c8e1d26e (expected team: 1AXYETbA)
30.06.2024 - 22:07:58 - [TAB v4.1.2] Something just tried to add player AXYETb into team CIT-8270c8e1d26e (expected team: 1AXYETbA)
30.06.2024 - 22:14:51 - [TAB v4.1.2] Something just tried to add player AXYETb into team CIT-8270c8e1d26e (expected team: 1AXYETbA)
01.07.2024 - 00:38:18 - [TAB v4.1.2] Something just tried to add player 7udv into team BBLUE (expected team: 27udvA)
01.07.2024 - 00:38:18 - [TAB v4.1.2] Something just tried to add player AXYETb into team ARED (expected team: 1AXYETbA)
01.07.2024 - 00:38:18 - [TAB v4.1.2] Something just tried to add player 7udv into team BBLUE (expected team: 27udvA)
01.07.2024 - 00:38:18 - [TAB v4.1.2] Something just tried to add player AXYETb into team ARED (expected team: 1AXYETbA)
01.07.2024 - 00:39:44 - [TAB v4.1.2] Something just tried to add player AXYETb into team CIT-8270c8e1d26e (expected team: 1AXYETbA)
01.07.2024 - 00:47:08 - [TAB v4.1.2] Something just tried to add player AXYETb into team CIT-8270c8e1d26e (expected team: 1AXYETbA)
01.07.2024 - 03:15:37 - [TAB v4.1.2] Something just tried to add player AXYETb into team CIT-8270c8e1d26e (expected team: 1AXYETbA)
01.07.2024 - 04:19:07 - [TAB v4.1.2] Something just tried to add player AXYETb into team CIT-8270c8e1d26e (expected team: 1AXYETbA)
01.07.2024 - 05:55:53 - [TAB v4.1.2] Something just tried to add player AXYETb into team CIT-8270c8e1d26e (expected team: :AXYETbA)
01.07.2024 - 06:09:00 - [TAB v4.1.2] Something just tried to add player AXYETb into team CIT-8270c8e1d26e (expected team: 9AXYETbA)
01.07.2024 - 06:23:34 - [TAB v4.1.2] Something just tried to add player AXYETb into team CIT-8270c8e1d26e (expected team: 1AXYETbA)
01.07.2024 - 06:24:50 - [TAB v4.1.2] Something just tried to add player AXYETb into team CIT-8270c8e1d26e (expected team: 3AXYETbA)
01.07.2024 - 06:25:24 - [TAB v4.1.2] Something just tried to add player AXYETb into team CIT-8270c8e1d26e (expected team: 1AXYETbA)
01.07.2024 - 09:55:04 - [TAB v4.1.2] Something just tried to add player AXYETb into team CIT-8270c8e1d26e (expected team: :AXYETbA)
01.07.2024 - 09:56:26 - [TAB v4.1.2] Something just tried to add player AXYETb into team CIT-8270c8e1d26e (expected team: 1AXYETbA)
01.07.2024 - 10:21:55 - [TAB v4.1.2] Something just tried to add player AXYETb into team CIT-8270c8e1d26e (expected team: 1AXYETbA)
01.07.2024 - 10:26:10 - [TAB v4.1.2] Something just tried to add player AXYETb into team CIT-8270c8e1d26e (expected team: 1AXYETbA)
01.07.2024 - 10:39:32 - [TAB v4.1.2] Something just tried to add player GlooMeeMurasame into team 1AXYETbA (expected team: :GlooMeeMurasamA)
01.07.2024 - 10:39:32 - [TAB v4.1.2] Something just tried to add player GlooMeeMurasame into team CIT-8270c8e1d26e (expected team: :GlooMeeMurasamA)
01.07.2024 - 10:39:42 - [TAB v4.1.2] Something just tried to add player GlooMeeMurasame into team 1AXYETbA (expected team: :GlooMeeMurasamA)
01.07.2024 - 10:39:42 - [TAB v4.1.2] Something just tried to add player AXYETb into team CIT-8270c8e1d26e (expected team: 1AXYETbA)
01.07.2024 - 16:35:41 - [TAB v4.1.2] Something just tried to add player s3rviqiis into team CIT-95f8121b1a15 (expected team: :s3rviqiisA)
01.07.2024 - 16:35:41 - [TAB v4.1.2] Something just tried to add player AXYETb into team CIT-8270c8e1d26e (expected team: 1AXYETbA)
01.07.2024 - 16:36:30 - [TAB v4.1.2] Something just tried to add player s3rviqiis into team CIT-95f8121b1a15 (expected team: :s3rviqiisA)
01.07.2024 - 16:36:30 - [TAB v4.1.2] Something just tried to add player AXYETb into team CIT-8270c8e1d26e (expected team: 1AXYETbA)
01.07.2024 - 16:36:55 - [TAB v4.1.2] Something just tried to add player s3rviqiis into team CIT-95f8121b1a15 (expected team: :s3rviqiisA)
01.07.2024 - 16:36:55 - [TAB v4.1.2] Something just tried to add player AXYETb into team CIT-8270c8e1d26e (expected team: 1AXYETbA)
01.07.2024 - 17:02:25 - [TAB v4.1.2] Something just tried to add player AXYETb into team CIT-8270c8e1d26e (expected team: 1AXYETbA)
01.07.2024 - 17:08:36 - [TAB v4.1.2] Something just tried to add player AXYETb into team CIT-8270c8e1d26e (expected team: 1AXYETbA)
01.07.2024 - 17:12:26 - [TAB v4.1.2] Something just tried to add player AXYETb into team CIT-8270c8e1d26e (expected team: 1AXYETbA)
01.07.2024 - 17:18:18 - [TAB v4.1.2] Something just tried to add player AXYETb into team CIT-8270c8e1d26e (expected team: 1AXYETbA)
01.07.2024 - 17:25:41 - [TAB v4.1.2] Something just tried to add player AXYETb into team CIT-8270c8e1d26e (expected team: 1AXYETbA)
01.07.2024 - 17:27:22 - [TAB v4.1.2] Something just tried to add player AXYETb into team CIT-8270c8e1d26e (expected team: 1AXYETbA)
01.07.2024 - 17:37:32 - [TAB v4.1.2] Something just tried to add player AXYETb into team CIT-8270c8e1d26e (expected team: 1AXYETbA)
01.07.2024 - 17:48:24 - [TAB v4.1.2] Something just tried to add player AXYETb into team CIT-8270c8e1d26e (expected team: :AXYETbA)
01.07.2024 - 18:07:11 - [TAB v4.1.2] Something just tried to add player AXYETb into team CIT-8270c8e1d26e (expected team: 3AXYETbA)
01.07.2024 - 18:08:50 - [TAB v4.1.2] Something just tried to add player AXYETb into team CIT-8270c8e1d26e (expected team: :AXYETbA)
01.07.2024 - 18:09:21 - [TAB v4.1.2] Something just tried to add player AXYETb into team CIT-8270c8e1d26e (expected team: 1AXYETbA)
01.07.2024 - 19:07:19 - [TAB v4.1.2] Something just tried to add player AXYETb into team CIT-8270c8e1d26e (expected team: 1AXYETbA)
02.07.2024 - 16:31:57 - [TAB v4.1.2] Something just tried to add player AXYETb into team CIT-8270c8e1d26e (expected team: 1AXYETbA)
02.07.2024 - 21:10:30 - [TAB v4.1.2] Something just tried to add player AXYETb into team CIT-8270c8e1d26e (expected team: 1AXYETbA)
03.07.2024 - 20:43:39 - [TAB v4.1.2] Something just tried to add player AXYETb into team CIT-8270c8e1d26e (expected team: 1AXYETbA)
04.07.2024 - 02:03:22 - [TAB v4.1.2] Something just tried to add player AXYETb into team CIT-8270c8e1d26e (expected team: :AXYETbA)
04.07.2024 - 02:14:58 - [TAB v4.1.2] Something just tried to add player AXYETb into team CIT-8270c8e1d26e (expected team: 1AXYETbA)
04.07.2024 - 05:24:45 - [TAB v4.1.2] Something just tried to add player AXYETb into team CIT-8270c8e1d26e (expected team: 1AXYETbA)
04.07.2024 - 08:33:24 - [TAB v4.1.2] Something just tried to add player AXYETb into team CIT-8270c8e1d26e (expected team: 1AXYETbA)
04.07.2024 - 19:56:53 - [TAB v4.1.2] Something just tried to add player AXYETb into team CIT-8270c8e1d26e (expected team: 1AXYETbA)
04.07.2024 - 22:40:27 - [TAB v4.1.2] Something just tried to add player AXYETb into team CIT-8270c8e1d26e (expected team: 1AXYETbA)
04.07.2024 - 23:00:20 - [TAB v4.1.2] Something just tried to add player AXYETb into team CIT-8270c8e1d26e (expected team: :AXYETbA)
04.07.2024 - 23:12:26 - [TAB v4.1.2] Something just tried to add player AXYETb into team CIT-8270c8e1d26e (expected team: 1AXYETbA)
05.07.2024 - 14:18:18 - [TAB v4.1.2] Something just tried to add player AXYETb into team CIT-8270c8e1d26e (expected team: 1AXYETbA)
05.07.2024 - 14:57:50 - [TAB v4.1.2] Something just tried to add player AXYETb into team CIT-8270c8e1d26e (expected team: 1AXYETbA)
05.07.2024 - 15:08:07 - [TAB v4.1.2] Something just tried to add player AXYETb into team CIT-8270c8e1d26e (expected team: 1AXYETbA)
05.07.2024 - 15:09:20 - [TAB v4.1.2] Something just tried to add player AXYETb into team CIT-8270c8e1d26e (expected team: 2AXYETbA)
05.07.2024 - 15:11:37 - [TAB v4.1.2] Something just tried to add player AXYETb into team CIT-8270c8e1d26e (expected team: 2AXYETbA)
05.07.2024 - 15:13:24 - [TAB v4.1.2] Something just tried to add player AXYETb into team CIT-8270c8e1d26e (expected team: 2AXYETbA)
21.07.2024 - 23:28:57 - [TAB v4.1.2] Something just tried to add player AXYETb into team CIT-8270c8e1d26e (expected team: 1AXYETbA)
21.07.2024 - 23:30:53 - [TAB v4.1.2] Something just tried to add player AXYETb into team CIT-8270c8e1d26e (expected team: 1AXYETbA)
21.07.2024 - 23:36:13 - [TAB v4.1.2] Something just tried to add player AXYETb into team CIT-8270c8e1d26e (expected team: 1AXYETbA)
21.07.2024 - 23:59:03 - [TAB v4.1.2] Something just tried to add player AXYETb into team CIT-8270c8e1d26e (expected team: 1AXYETbA)
22.07.2024 - 00:01:22 - [TAB v4.1.2] Something just tried to add player AXYETb into team CIT-8270c8e1d26e (expected team: 1AXYETbA)
22.07.2024 - 00:03:22 - [TAB v4.1.2] Something just tried to add player AXYETb into team CIT-8270c8e1d26e (expected team: 1AXYETbA)
23.07.2024 - 13:21:59 - [TAB v4.1.2] Something just tried to add player AXYETb into team CIT-8270c8e1d26e (expected team: 1AXYETbA)
23.07.2024 - 13:24:25 - [TAB v4.1.2] Something just tried to add player AXYETb into team CIT-8270c8e1d26e (expected team: 1AXYETbA)
23.07.2024 - 13:30:50 - [TAB v4.1.2] Something just tried to add player AXYETb into team CIT-8270c8e1d26e (expected team: :AXYETbA)
26.07.2024 - 12:03:32 - [TAB v4.1.2] Something just tried to add player AXYETb into team CIT-8270c8e1d26e (expected team: :AXYETbA)
26.07.2024 - 12:06:21 - [TAB v4.1.2] Something just tried to add player AXYETb into team CIT-8270c8e1d26e (expected team: :AXYETbA)
26.07.2024 - 12:07:19 - [TAB v4.1.2] Something just tried to add player AXYETb into team CIT-8270c8e1d26e (expected team: 1AXYETbA)
26.07.2024 - 12:14:54 - [TAB v4.1.2] Something just tried to add player AXYETb into team CIT-8270c8e1d26e (expected team: 1AXYETbA)
26.07.2024 - 21:14:11 - [TAB v4.1.2] Something just tried to add player AXYETb into team CIT-8270c8e1d26e (expected team: 1AXYETbA)
26.07.2024 - 21:15:18 - [TAB v4.1.2] Something just tried to add player AXYETb into team CIT-8270c8e1d26e (expected team: 8AXYETbA)
26.07.2024 - 21:22:44 - [TAB v4.1.2] Something just tried to add player AXYETb into team CIT-8270c8e1d26e (expected team: :AXYETbA)
26.07.2024 - 21:29:14 - [TAB v4.1.2] Something just tried to add player AXYETb into team CIT-8270c8e1d26e (expected team: 1AXYETbA)
26.07.2024 - 21:32:15 - [TAB v4.1.2] Something just tried to add player AXYETb into team CIT-8270c8e1d26e (expected team: 2AXYETbA)
26.07.2024 - 21:32:26 - [TAB v4.1.2] Something just tried to add player AXYETb into team CIT-8270c8e1d26e (expected team: 8AXYETbA)
26.07.2024 - 21:39:08 - [TAB v4.1.2] Something just tried to add player AXYETb into team CIT-8270c8e1d26e (expected team: 2AXYETbA)
26.07.2024 - 21:46:32 - [TAB v4.1.2] Something just tried to add player AXYETb into team CIT-8270c8e1d26e (expected team: :AXYETbA)
26.07.2024 - 21:57:29 - [TAB v4.1.2] Something just tried to add player AXYETb into team CIT-8270c8e1d26e (expected team: :AXYETbA)
26.07.2024 - 21:59:56 - [TAB v4.1.2] Something just tried to add player AXYETb into team CIT-8270c8e1d26e (expected team: 2AXYETbA)
26.07.2024 - 22:13:58 - [TAB v4.1.2] Something just tried to add player AXYETb into team CIT-8270c8e1d26e (expected team: 2AXYETbA)
26.07.2024 - 22:29:53 - [TAB v4.1.2] Something just tried to add player AXYETb into team CIT-8270c8e1d26e (expected team: :AXYETbA)
26.07.2024 - 22:32:30 - [TAB v4.1.2] Something just tried to add player AXYETb into team CIT-8270c8e1d26e (expected team: 1AXYETbA)
26.07.2024 - 23:39:07 - [TAB v4.1.2] Something just tried to add player AXYETb into team CIT-8270c8e1d26e (expected team: 1AXYETbA)
26.07.2024 - 23:41:42 - [TAB v4.1.2] Something just tried to add player AXYETb into team CIT-8270c8e1d26e (expected team: 1AXYETbA)
26.07.2024 - 23:47:10 - [TAB v4.1.2] Something just tried to add player AXYETb into team CIT-8270c8e1d26e (expected team: 1AXYETbA)
26.07.2024 - 23:50:43 - [TAB v4.1.2] Something just tried to add player AXYETb into team CIT-8270c8e1d26e (expected team: 1AXYETbA)
27.07.2024 - 00:31:21 - [TAB v4.1.2] Something just tried to add player AXYETb into team CIT-8270c8e1d26e (expected team: 2AXYETbA)
27.07.2024 - 00:32:18 - [TAB v4.1.2] Something just tried to add player AXYETb into team CIT-8270c8e1d26e (expected team: 2AXYETbA)
27.07.2024 - 00:33:15 - [TAB v4.1.2] Something just tried to add player AXYETb into team CIT-8270c8e1d26e (expected team: 2AXYETbA)
27.07.2024 - 10:27:42 - [TAB v4.1.2] Something just tried to add player AXYETb into team CIT-8270c8e1d26e (expected team: 1AXYETbA)
27.07.2024 - 10:40:16 - [TAB v4.1.2] Something just tried to add player AXYETb into team CIT-8270c8e1d26e (expected team: 2AXYETbA)
27.07.2024 - 10:43:19 - [TAB v4.1.2] Something just tried to add player AXYETb into team CIT-8270c8e1d26e (expected team: 1AXYETbA)
27.07.2024 - 11:02:28 - [TAB v4.1.2] Something just tried to add player AXYETb into team CIT-8270c8e1d26e (expected team: ;AXYETbA)
27.07.2024 - 11:04:18 - [TAB v4.1.2] Something just tried to add player AXYETb into team CIT-8270c8e1d26e (expected team: ;AXYETbA)
27.07.2024 - 11:05:13 - [TAB v4.1.2] Something just tried to add player AXYETb into team CIT-8270c8e1d26e (expected team: ;AXYETbA)
27.07.2024 - 11:09:16 - [TAB v4.1.2] Something just tried to add player AXYETb into team CIT-8270c8e1d26e (expected team: 1AXYETbA)
27.07.2024 - 11:11:18 - [TAB v4.1.2] Something just tried to add player AXYETb into team CIT-8270c8e1d26e (expected team: 1AXYETbA)
27.07.2024 - 11:13:14 - [TAB v4.1.2] Something just tried to add player AXYETb into team CIT-8270c8e1d26e (expected team: 1AXYETbA)
27.07.2024 - 11:18:36 - [TAB v4.1.2] Something just tried to add player AXYETb into team CIT-8270c8e1d26e (expected team: 1AXYETbA)
27.07.2024 - 11:20:28 - [TAB v4.1.2] Something just tried to add player AXYETb into team CIT-8270c8e1d26e (expected team: 1AXYETbA)
27.07.2024 - 11:22:18 - [TAB v4.1.2] Something just tried to add player AXYETb into team CIT-8270c8e1d26e (expected team: 1AXYETbA)
27.07.2024 - 11:24:53 - [TAB v4.1.2] Something just tried to add player AXYETb into team CIT-8270c8e1d26e (expected team: 1AXYETbA)
27.07.2024 - 11:28:52 - [TAB v4.1.2] Something just tried to add player AXYETb into team CIT-8270c8e1d26e (expected team: 1AXYETbA)
27.07.2024 - 11:34:50 - [TAB v4.1.2] Something just tried to add player AXYETb into team CIT-8270c8e1d26e (expected team: 1AXYETbA)
27.07.2024 - 11:36:42 - [TAB v4.1.2] Something just tried to add player AXYETb into team CIT-8270c8e1d26e (expected team: 1AXYETbA)
27.07.2024 - 11:38:03 - [TAB v4.1.2] Something just tried to add player AXYETb into team CIT-8270c8e1d26e (expected team: 1AXYETbA)
27.07.2024 - 11:39:43 - [TAB v4.1.2] Something just tried to add player AXYETb into team CIT-8270c8e1d26e (expected team: 1AXYETbA)
27.07.2024 - 11:40:58 - [TAB v4.1.2] Something just tried to add player AXYETb into team CIT-8270c8e1d26e (expected team: 1AXYETbA)
27.07.2024 - 11:47:16 - [TAB v4.1.2] Something just tried to add player AXYETb into team CIT-8270c8e1d26e (expected team: 1AXYETbA)
27.07.2024 - 11:48:03 - [TAB v4.1.2] Something just tried to add player AXYETb into team CIT-8270c8e1d26e (expected team: 1AXYETbA)
27.07.2024 - 12:03:41 - [TAB v4.1.2] Something just tried to add player AXYETb into team CIT-8270c8e1d26e (expected team: 1AXYETbA)
27.07.2024 - 13:02:14 - [TAB v4.1.2] Something just tried to add player AXYETb into team CIT-8270c8e1d26e (expected team: 1AXYETbA)
27.07.2024 - 23:31:14 - [TAB v4.1.2] Something just tried to add player AXYETb into team CIT-8270c8e1d26e (expected team: 2AXYETbA)
28.07.2024 - 10:41:13 - [TAB v4.1.2] Something just tried to add player AXYETb into team CIT-8270c8e1d26e (expected team: 1AXYETbA)
28.07.2024 - 10:58:30 - [TAB v4.1.2] Something just tried to add player AXYETb into team CIT-8270c8e1d26e (expected team: 9AXYETbA)
28.07.2024 - 11:03:24 - [TAB v4.1.2] Something just tried to add player AXYETb into team CIT-8270c8e1d26e (expected team: 9AXYETbA)
28.07.2024 - 11:06:18 - [TAB v4.1.2] Something just tried to add player AXYETb into team CIT-8270c8e1d26e (expected team: ;AXYETbA)
28.07.2024 - 11:14:09 - [TAB v4.1.2] Something just tried to add player AXYETb into team CIT-8270c8e1d26e (expected team: ;AXYETbA)
28.07.2024 - 11:27:42 - [TAB v4.1.2] Something just tried to add player AXYETb into team CIT-8270c8e1d26e (expected team: 1AXYETbA)
28.07.2024 - 11:34:20 - [TAB v4.1.2] Something just tried to add player AXYETb into team CIT-8270c8e1d26e (expected team: ;AXYETbA)
28.07.2024 - 11:46:48 - [TAB v4.1.2] Something just tried to add player AXYETb into team CIT-8270c8e1d26e (expected team: 1AXYETbA)
29.07.2024 - 00:06:14 - [TAB v4.1.2] Something just tried to add player AXYETb into team CIT-8270c8e1d26e (expected team: 1AXYETbA)
31.07.2024 - 23:20:19 - [TAB v4.1.2] Something just tried to add player AXYETb into team CIT-8270c8e1d26e (expected team: 1AXYETbA)
10.08.2024 - 21:59:40 - [TAB v4.1.2] Something just tried to add player AXYETb into team CIT-8270c8e1d26e (expected team: 1AXYETbA)
10.08.2024 - 22:36:47 - [TAB v4.1.2] Something just tried to add player AXYETb into team CIT-8270c8e1d26e (expected team: 0AXYETbA)
10.08.2024 - 22:38:13 - [TAB v4.1.2] Something just tried to add player AXYETb into team CIT-8270c8e1d26e (expected team: 0AXYETbA)
11.08.2024 - 14:57:48 - [TAB v4.1.2] Something just tried to add player AXYETb into team CIT-8270c8e1d26e (expected team: 0AXYETbA)
11.08.2024 - 14:59:58 - [TAB v4.1.2] Something just tried to add player AXYETb into team CIT-8270c8e1d26e (expected team: 0AXYETbA)
11.08.2024 - 15:02:21 - [TAB v4.1.2] Something just tried to add player AXYETb into team CIT-8270c8e1d26e (expected team: 0AXYETbA)
11.08.2024 - 15:04:43 - [TAB v4.1.2] Something just tried to add player AXYETb into team CIT-8270c8e1d26e (expected team: 0AXYETbA)
11.08.2024 - 18:16:32 - [TAB v4.1.2] Something just tried to add player AXYETb into team CIT-8270c8e1d26e (expected team: 0AXYETbA)
11.08.2024 - 18:34:01 - [TAB v4.1.2] Something just tried to add player AXYETb into team CIT-8270c8e1d26e (expected team: 0AXYETbA)
11.08.2024 - 18:36:50 - [TAB v4.1.2] Something just tried to add player AXYETb into team CIT-8270c8e1d26e (expected team: 0AXYETbA)
11.08.2024 - 20:18:53 - [TAB v4.1.2] Something just tried to add player AXYETb into team CIT-8270c8e1d26e (expected team: 0AXYETbA)
01.09.2024 - 13:40:55 - [TAB v4.1.2] Something just tried to add player AXYETb into team CIT-8270c8e1d26e (expected team: 5AXYETbA)
02.09.2024 - 13:33:33 - [TAB v4.1.2] Something just tried to add player AXYETb into team CIT-8270c8e1d26e (expected team: 0AXYETbA)
02.09.2024 - 13:42:52 - [TAB v4.1.2] Something just tried to add player AXYETb into team CIT-8270c8e1d26e (expected team: 0AXYETbA)
02.09.2024 - 19:04:41 - [TAB v4.1.2] Something just tried to add player AXYETb into team CIT-8270c8e1d26e (expected team: 0AXYETbA)
03.09.2024 - 17:30:08 - [TAB v4.1.2] Something just tried to add player AXYETb into team CIT-8270c8e1d26e (expected team: 0AXYETbA)
03.09.2024 - 18:10:03 - [TAB v4.1.2] Something just tried to add player AXYETb into team CIT-8270c8e1d26e (expected team: 0AXYETbA)
03.09.2024 - 18:16:25 - [TAB v4.1.2] Something just tried to add player AXYETb into team CIT-8270c8e1d26e (expected team: 0AXYETbA)
05.09.2024 - 20:08:34 - [TAB v4.1.2] Something just tried to add player AXYETb into team CIT-8270c8e1d26e (expected team: 0AXYETbA)
05.09.2024 - 20:14:09 - [TAB v4.1.2] Something just tried to add player AXYETb into team CIT-8270c8e1d26e (expected team: 0AXYETbA)
05.09.2024 - 20:16:04 - [TAB v4.1.2] Something just tried to add player AXYETb into team CIT-8270c8e1d26e (expected team: 0AXYETbA)
05.09.2024 - 20:23:40 - [TAB v4.1.2] Something just tried to add player AXYETb into team CIT-8270c8e1d26e (expected team: 0AXYETbA)
05.09.2024 - 20:24:50 - [TAB v4.1.2] Something just tried to add player AXYETb into team CIT-8270c8e1d26e (expected team: 0AXYETbA)
05.09.2024 - 20:25:36 - [TAB v4.1.2] Something just tried to add player AXYETb into team CIT-8270c8e1d26e (expected team: 0AXYETbA)
05.09.2024 - 20:27:18 - [TAB v4.1.2] Something just tried to add player AXYETb into team CIT-8270c8e1d26e (expected team: 0AXYETbA)
05.09.2024 - 20:31:51 - [TAB v4.1.2] Something just tried to add player AXYETb into team CIT-8270c8e1d26e (expected team: 0AXYETbA)
05.09.2024 - 20:40:45 - [TAB v4.1.2] Something just tried to add player AXYETb into team CIT-8270c8e1d26e (expected team: 0AXYETbA)
14.09.2024 - 01:45:46 - [TAB v4.1.2] Something just tried to add player AXYETb into team CIT-8270c8e1d26e (expected team: 0AXYETbA)
08.10.2024 - 20:16:05 - [TAB v4.1.2] Something just tried to add player AXYETb into team CIT-8270c8e1d26e (expected team: 0AXYETbA)
08.10.2024 - 20:34:23 - [TAB v4.1.2] Something just tried to add player AXYETb into team CIT-8270c8e1d26e (expected team: 8AXYETbA)
08.10.2024 - 20:35:18 - [TAB v4.1.2] Something just tried to add player AXYETb into team CIT-8270c8e1d26e (expected team: 0AXYETbA)
08.10.2024 - 20:36:24 - [TAB v4.1.2] Something just tried to add player AXYETb into team CIT-8270c8e1d26e (expected team: 1AXYETbA)
08.10.2024 - 20:42:20 - [TAB v4.1.2] Something just tried to add player AXYETb into team CIT-8270c8e1d26e (expected team: 0AXYETbA)
09.10.2024 - 12:05:17 - [TAB v4.1.2] Something just tried to add player AXYETb into team CIT-8270c8e1d26e (expected team: 1AXYETbA)
09.10.2024 - 12:08:42 - [TAB v4.1.2] Something just tried to add player AXYETb into team CIT-8270c8e1d26e (expected team: 0AXYETbA)
09.10.2024 - 14:44:29 - [TAB v4.1.2] Something just tried to add player AXYETb into team CIT-8270c8e1d26e (expected team: 0AXYETbA)
09.10.2024 - 17:05:37 - [TAB v4.1.2] Something just tried to add player AXYETb into team CIT-8270c8e1d26e (expected team: 0AXYETbA)
10.10.2024 - 12:55:26 - [TAB v4.1.2] Something just tried to add player AXYETb into team CIT-8270c8e1d26e (expected team: 0AXYETbA)
10.10.2024 - 13:09:46 - [TAB v4.1.2] Something just tried to add player AXYETb into team CIT-8270c8e1d26e (expected team: 0AXYETbA)
10.10.2024 - 16:47:48 - [TAB v4.1.2] Something just tried to add player AXYETb into team CIT-8270c8e1d26e (expected team: 0AXYETbA)
10.10.2024 - 18:02:18 - [TAB v4.1.2] Something just tried to add player AXYETb into team CIT-8270c8e1d26e (expected team: 0AXYETbA)
11.10.2024 - 13:50:20 - [TAB v4.1.2] Something just tried to add player AXYETb into team CIT-8270c8e1d26e (expected team: 0AXYETbA)
15.10.2024 - 12:16:04 - [TAB v4.1.2] Something just tried to add player AXYETb into team CIT-8270c8e1d26e (expected team: 0AXYETbA)
21.10.2024 - 18:11:56 - [TAB v4.1.2] Something just tried to add player AXYETb into team CIT-8270c8e1d26e (expected team: 0AXYETbA)
21.10.2024 - 20:11:20 - [TAB v4.1.2] Something just tried to add player AXYETb into team CIT-8270c8e1d26e (expected team: 0AXYETbA)
21.10.2024 - 20:30:53 - [TAB v4.1.2] Something just tried to add player AXYETb into team CIT-8270c8e1d26e (expected team: 0AXYETbA)
21.10.2024 - 20:36:47 - [TAB v4.1.2] Something just tried to add player AXYETb into team CIT-8270c8e1d26e (expected team: 0AXYETbA)
21.10.2024 - 20:41:26 - [TAB v4.1.2] Something just tried to add player AXYETb into team CIT-8270c8e1d26e (expected team: 0AXYETbA)
21.10.2024 - 20:45:33 - [TAB v4.1.2] Something just tried to add player AXYETb into team CIT-8270c8e1d26e (expected team: 0AXYETbA)
21.10.2024 - 21:00:01 - [TAB v4.1.2] Something just tried to add player AXYETb into team CIT-8270c8e1d26e (expected team: 0AXYETbA)
22.10.2024 - 15:27:24 - [TAB v4.1.2] Something just tried to add player AXYETb into team CIT-8270c8e1d26e (expected team: 0AXYETbA)
22.10.2024 - 15:38:44 - [TAB v4.1.2] Something just tried to add player AXYETb into team CIT-8270c8e1d26e (expected team: 0AXYETbA)
23.10.2024 - 16:43:20 - [TAB v4.1.2] Something just tried to add player AXYETb into team CIT-8270c8e1d26e (expected team: 0AXYETbA)
25.10.2024 - 10:41:50 - [TAB v4.1.2] Something just tried to add player AXYETb into team CIT-8270c8e1d26e (expected team: 0AXYETbA)
