28.03.2024 - 15:23:23 - [TAB v4.1.2] Something just tried to add player AXYETb into team 0001 (expected team: 0AXYETbA)
09.04.2024 - 15:54:56 - [TAB v4.1.2] Something just tried to add player Bladelez into team 0020 (expected team: 9BladelezA)
09.04.2024 - 19:55:57 - [TAB v4.1.2] Something just tried to add player 7udv into team 0001 (expected team: 07udvA)
13.04.2024 - 00:46:42 - [TAB v4.1.2] Something just tried to add player AXYETb into team CIT-8270c8e1d26e (expected team: 0AXYETbA)
20.04.2024 - 13:15:01 - [TAB v4.1.2] Something just tried to add player AXYETb into team CIT-8270c8e1d26e (expected team: 1AXYETbA)
20.04.2024 - 15:18:56 - [TAB v4.1.2] Something just tried to add player AXYETb into team CIT-8270c8e1d26e (expected team: 1AXYETbA)
20.04.2024 - 15:21:22 - [TAB v4.1.2] Something just tried to add player AXYETb into team CIT-8270c8e1d26e (expected team: 1AXYETbA)
20.04.2024 - 15:22:25 - [TAB v4.1.2] Something just tried to add player AXYETb into team CIT-8270c8e1d26e (expected team: 1AXYETbA)
22.04.2024 - 21:10:17 - [TAB v4.1.2] Something just tried to add player AXYETb into team CIT-8270c8e1d26e (expected team: 1AXYETbA)
25.04.2024 - 12:06:48 - [TAB v4.1.2] Something just tried to add player AXYETb into team CIT-8270c8e1d26e (expected team: 1AXYETbA)
26.04.2024 - 13:02:50 - [TAB v4.1.2] Something just tried to add player AXYETb into team CIT-8270c8e1d26e (expected team: :AXYETbA)
26.04.2024 - 21:48:25 - [TAB v4.1.2] Something just tried to add player AXYETb into team CIT-8270c8e1d26e (expected team: :AXYETbA)
26.04.2024 - 21:57:46 - [TAB v4.1.2] Something just tried to add player AXYETb into team CIT-8270c8e1d26e (expected team: 1AXYETbA)
06.05.2024 - 20:00:19 - [TAB v4.1.2] Something just tried to add player AXYETb into team CIT-8270c8e1d26e (expected team: 1AXYETbA)
12.05.2024 - 21:24:57 - [TAB v4.1.2] Something just tried to add player AXYETb into team CIT-8270c8e1d26e (expected team: 1AXYETbA)
15.05.2024 - 00:15:46 - [TAB v4.1.2] Something just tried to add player AXYETb into team CIT-8270c8e1d26e (expected team: 1AXYETbA)
16.05.2024 - 12:20:53 - [TAB v4.1.2] Something just tried to add player AXYETb into team CIT-8270c8e1d26e (expected team: 1AXYETbA)
22.05.2024 - 11:37:08 - [TAB v4.1.2] Something just tried to add player s3rviqiis into team CIT-95f8121b1a15 (expected team: 7s3rviqiisA)
30.06.2024 - 03:05:58 - [TAB v4.1.2] Something just tried to add player AXYETb into team CIT-8270c8e1d26e (expected team: 1AXYETbA)
30.06.2024 - 03:10:35 - [TAB v4.1.2] Something just tried to add player AXYETb into team CIT-8270c8e1d26e (expected team: 1AXYETbA)
30.06.2024 - 16:26:48 - [TAB v4.1.2] Something just tried to add player AXYETb into team CIT-8270c8e1d26e (expected team: 1AXYETbA)
30.06.2024 - 16:57:09 - [TAB v4.1.2] Something just tried to add player AXYETb into team CIT-8270c8e1d26e (expected team: 1AXYETbA)
30.06.2024 - 17:26:02 - [TAB v4.1.2] Something just tried to add player AXYETb into team CIT-8270c8e1d26e (expected team: 4AXYETbA)
30.06.2024 - 19:15:50 - [TAB v4.1.2] Something just tried to add player AXYETb into team CIT-8270c8e1d26e (expected team: 1AXYETbA)
30.06.2024 - 21:12:38 - [TAB v4.1.2] Something just tried to add player AXYETb into team CIT-8270c8e1d26e (expected team: 1AXYETbA)
30.06.2024 - 21:33:49 - [TAB v4.1.2] Something just tried to add player AXYETb into team CIT-8270c8e1d26e (expected team: 1AXYETbA)
30.06.2024 - 21:38:19 - [TAB v4.1.2] Something just tried to add player AXYETb into team CIT-8270c8e1d26e (expected team: 1AXYETbA)
30.06.2024 - 21:50:09 - [TAB v4.1.2] Something just tried to add player AXYETb into team CIT-8270c8e1d26e (expected team: 1AXYETbA)
30.06.2024 - 21:55:00 - [TAB v4.1.2] Something just tried to add player AXYETb into team CIT-8270c8e1d26e (expected team: 1AXYETbA)
30.06.2024 - 21:57:14 - [TAB v4.1.2] Something just tried to add player AXYETb into team CIT-8270c8e1d26e (expected team: 1AXYETbA)
30.06.2024 - 22:05:26 - [TAB v4.1.2] Something just tried to add player AXYETb into team CIT-8270c8e1d26e (expected team: 1AXYETbA)
30.06.2024 - 22:07:58 - [TAB v4.1.2] Something just tried to add player AXYETb into team CIT-8270c8e1d26e (expected team: 1AXYETbA)
30.06.2024 - 22:14:51 - [TAB v4.1.2] Something just tried to add player AXYETb into team CIT-8270c8e1d26e (expected team: 1AXYETbA)
01.07.2024 - 00:38:18 - [TAB v4.1.2] Something just tried to add player 7udv into team BBLUE (expected team: 27udvA)
01.07.2024 - 00:38:18 - [TAB v4.1.2] Something just tried to add player AXYETb into team ARED (expected team: 1AXYETbA)
01.07.2024 - 00:38:18 - [TAB v4.1.2] Something just tried to add player 7udv into team BBLUE (expected team: 27udvA)
01.07.2024 - 00:38:18 - [TAB v4.1.2] Something just tried to add player AXYETb into team ARED (expected team: 1AXYETbA)
01.07.2024 - 00:39:44 - [TAB v4.1.2] Something just tried to add player AXYETb into team CIT-8270c8e1d26e (expected team: 1AXYETbA)
01.07.2024 - 00:47:08 - [TAB v4.1.2] Something just tried to add player AXYETb into team CIT-8270c8e1d26e (expected team: 1AXYETbA)
01.07.2024 - 03:15:37 - [TAB v4.1.2] Something just tried to add player AXYETb into team CIT-8270c8e1d26e (expected team: 1AXYETbA)
01.07.2024 - 04:19:07 - [TAB v4.1.2] Something just tried to add player AXYETb into team CIT-8270c8e1d26e (expected team: 1AXYETbA)
01.07.2024 - 05:55:53 - [TAB v4.1.2] Something just tried to add player AXYETb into team CIT-8270c8e1d26e (expected team: :AXYETbA)
01.07.2024 - 06:09:00 - [TAB v4.1.2] Something just tried to add player AXYETb into team CIT-8270c8e1d26e (expected team: 9AXYETbA)
01.07.2024 - 06:23:34 - [TAB v4.1.2] Something just tried to add player AXYETb into team CIT-8270c8e1d26e (expected team: 1AXYETbA)
01.07.2024 - 06:24:50 - [TAB v4.1.2] Something just tried to add player AXYETb into team CIT-8270c8e1d26e (expected team: 3AXYETbA)
01.07.2024 - 06:25:24 - [TAB v4.1.2] Something just tried to add player AXYETb into team CIT-8270c8e1d26e (expected team: 1AXYETbA)
01.07.2024 - 09:55:04 - [TAB v4.1.2] Something just tried to add player AXYETb into team CIT-8270c8e1d26e (expected team: :AXYETbA)
01.07.2024 - 09:56:26 - [TAB v4.1.2] Something just tried to add player AXYETb into team CIT-8270c8e1d26e (expected team: 1AXYETbA)
01.07.2024 - 10:21:55 - [TAB v4.1.2] Something just tried to add player AXYETb into team CIT-8270c8e1d26e (expected team: 1AXYETbA)
01.07.2024 - 10:26:10 - [TAB v4.1.2] Something just tried to add player AXYETb into team CIT-8270c8e1d26e (expected team: 1AXYETbA)
01.07.2024 - 10:39:32 - [TAB v4.1.2] Something just tried to add player GlooMeeMurasame into team 1AXYETbA (expected team: :GlooMeeMurasamA)
01.07.2024 - 10:39:32 - [TAB v4.1.2] Something just tried to add player GlooMeeMurasame into team CIT-8270c8e1d26e (expected team: :GlooMeeMurasamA)
01.07.2024 - 10:39:42 - [TAB v4.1.2] Something just tried to add player GlooMeeMurasame into team 1AXYETbA (expected team: :GlooMeeMurasamA)
01.07.2024 - 10:39:42 - [TAB v4.1.2] Something just tried to add player AXYETb into team CIT-8270c8e1d26e (expected team: 1AXYETbA)
01.07.2024 - 16:35:41 - [TAB v4.1.2] Something just tried to add player s3rviqiis into team CIT-95f8121b1a15 (expected team: :s3rviqiisA)
01.07.2024 - 16:35:41 - [TAB v4.1.2] Something just tried to add player AXYETb into team CIT-8270c8e1d26e (expected team: 1AXYETbA)
01.07.2024 - 16:36:30 - [TAB v4.1.2] Something just tried to add player s3rviqiis into team CIT-95f8121b1a15 (expected team: :s3rviqiisA)
01.07.2024 - 16:36:30 - [TAB v4.1.2] Something just tried to add player AXYETb into team CIT-8270c8e1d26e (expected team: 1AXYETbA)
01.07.2024 - 16:36:55 - [TAB v4.1.2] Something just tried to add player s3rviqiis into team CIT-95f8121b1a15 (expected team: :s3rviqiisA)
01.07.2024 - 16:36:55 - [TAB v4.1.2] Something just tried to add player AXYETb into team CIT-8270c8e1d26e (expected team: 1AXYETbA)
01.07.2024 - 17:02:25 - [TAB v4.1.2] Something just tried to add player AXYETb into team CIT-8270c8e1d26e (expected team: 1AXYETbA)
01.07.2024 - 17:08:36 - [TAB v4.1.2] Something just tried to add player AXYETb into team CIT-8270c8e1d26e (expected team: 1AXYETbA)
01.07.2024 - 17:12:26 - [TAB v4.1.2] Something just tried to add player AXYETb into team CIT-8270c8e1d26e (expected team: 1AXYETbA)
01.07.2024 - 17:18:18 - [TAB v4.1.2] Something just tried to add player AXYETb into team CIT-8270c8e1d26e (expected team: 1AXYETbA)
01.07.2024 - 17:25:41 - [TAB v4.1.2] Something just tried to add player AXYETb into team CIT-8270c8e1d26e (expected team: 1AXYETbA)
01.07.2024 - 17:27:22 - [TAB v4.1.2] Something just tried to add player AXYETb into team CIT-8270c8e1d26e (expected team: 1AXYETbA)
01.07.2024 - 17:37:32 - [TAB v4.1.2] Something just tried to add player AXYETb into team CIT-8270c8e1d26e (expected team: 1AXYETbA)
01.07.2024 - 17:48:24 - [TAB v4.1.2] Something just tried to add player AXYETb into team CIT-8270c8e1d26e (expected team: :AXYETbA)
01.07.2024 - 18:07:11 - [TAB v4.1.2] Something just tried to add player AXYETb into team CIT-8270c8e1d26e (expected team: 3AXYETbA)
01.07.2024 - 18:08:50 - [TAB v4.1.2] Something just tried to add player AXYETb into team CIT-8270c8e1d26e (expected team: :AXYETbA)
01.07.2024 - 18:09:21 - [TAB v4.1.2] Something just tried to add player AXYETb into team CIT-8270c8e1d26e (expected team: 1AXYETbA)
01.07.2024 - 19:07:19 - [TAB v4.1.2] Something just tried to add player AXYETb into team CIT-8270c8e1d26e (expected team: 1AXYETbA)
02.07.2024 - 16:31:57 - [TAB v4.1.2] Something just tried to add player AXYETb into team CIT-8270c8e1d26e (expected team: 1AXYETbA)
02.07.2024 - 21:10:30 - [TAB v4.1.2] Something just tried to add player AXYETb into team CIT-8270c8e1d26e (expected team: 1AXYETbA)
03.07.2024 - 20:43:39 - [TAB v4.1.2] Something just tried to add player AXYETb into team CIT-8270c8e1d26e (expected team: 1AXYETbA)
04.07.2024 - 02:03:22 - [TAB v4.1.2] Something just tried to add player AXYETb into team CIT-8270c8e1d26e (expected team: :AXYETbA)
04.07.2024 - 02:14:58 - [TAB v4.1.2] Something just tried to add player AXYETb into team CIT-8270c8e1d26e (expected team: 1AXYETbA)
04.07.2024 - 05:24:45 - [TAB v4.1.2] Something just tried to add player AXYETb into team CIT-8270c8e1d26e (expected team: 1AXYETbA)
04.07.2024 - 08:33:24 - [TAB v4.1.2] Something just tried to add player AXYETb into team CIT-8270c8e1d26e (expected team: 1AXYETbA)
04.07.2024 - 19:56:53 - [TAB v4.1.2] Something just tried to add player AXYETb into team CIT-8270c8e1d26e (expected team: 1AXYETbA)
04.07.2024 - 22:40:27 - [TAB v4.1.2] Something just tried to add player AXYETb into team CIT-8270c8e1d26e (expected team: 1AXYETbA)
04.07.2024 - 23:00:20 - [TAB v4.1.2] Something just tried to add player AXYETb into team CIT-8270c8e1d26e (expected team: :AXYETbA)
04.07.2024 - 23:12:26 - [TAB v4.1.2] Something just tried to add player AXYETb into team CIT-8270c8e1d26e (expected team: 1AXYETbA)
05.07.2024 - 14:18:18 - [TAB v4.1.2] Something just tried to add player AXYETb into team CIT-8270c8e1d26e (expected team: 1AXYETbA)
05.07.2024 - 14:57:50 - [TAB v4.1.2] Something just tried to add player AXYETb into team CIT-8270c8e1d26e (expected team: 1AXYETbA)
05.07.2024 - 15:08:07 - [TAB v4.1.2] Something just tried to add player AXYETb into team CIT-8270c8e1d26e (expected team: 1AXYETbA)
05.07.2024 - 15:09:20 - [TAB v4.1.2] Something just tried to add player AXYETb into team CIT-8270c8e1d26e (expected team: 2AXYETbA)
05.07.2024 - 15:11:37 - [TAB v4.1.2] Something just tried to add player AXYETb into team CIT-8270c8e1d26e (expected team: 2AXYETbA)
05.07.2024 - 15:13:24 - [TAB v4.1.2] Something just tried to add player AXYETb into team CIT-8270c8e1d26e (expected team: 2AXYETbA)
06.07.2024 - 03:39:55 - [TAB v4.1.2] Something just tried to add player AXYETb into team CIT-8270c8e1d26e (expected team: ;AXYETbA)
06.07.2024 - 15:47:44 - [TAB v4.1.2] Something just tried to add player AXYETb into team CIT-8270c8e1d26e (expected team: ;AXYETbA)
06.07.2024 - 17:16:15 - [TAB v4.1.2] Something just tried to add player AXYETb into team CIT-8270c8e1d26e (expected team: ;AXYETbA)
06.07.2024 - 17:30:35 - [TAB v4.1.2] Something just tried to add player AXYETb into team CIT-8270c8e1d26e (expected team: ;AXYETbA)
06.07.2024 - 18:07:06 - [TAB v4.1.2] Something just tried to add player AXYETb into team CIT-8270c8e1d26e (expected team: ;AXYETbA)
06.07.2024 - 18:09:46 - [TAB v4.1.2] Something just tried to add player AXYETb into team CIT-8270c8e1d26e (expected team: ;AXYETbA)
06.07.2024 - 23:04:56 - [TAB v4.1.2] Something just tried to add player AXYETb into team CIT-8270c8e1d26e (expected team: ;AXYETbA)
09.07.2024 - 07:29:51 - [TAB v4.1.2] Something just tried to add player AXYETb into team CIT-8270c8e1d26e (expected team: ;AXYETbA)
09.07.2024 - 22:37:27 - [TAB v4.1.2] Something just tried to add player s3rviqiis into team CIT-95f8121b1a15 (expected team: ;s3rviqiisA)
11.07.2024 - 12:07:03 - [TAB v4.1.2] Something just tried to add player AXYETb into team CIT-8270c8e1d26e (expected team: ;AXYETbA)
11.07.2024 - 14:07:45 - [TAB v4.1.2] Something just tried to add player s3rviqiis into team CIT-95f8121b1a15 (expected team: ;s3rviqiisA)
13.07.2024 - 02:38:22 - [TAB v4.1.2] Something just tried to add player AXYETb into team CIT-8270c8e1d26e (expected team: ;AXYETbA)
14.07.2024 - 03:55:23 - [TAB v4.1.2] Something just tried to add player AXYETb into team CIT-8270c8e1d26e (expected team: ;AXYETbA)
16.07.2024 - 22:17:32 - [TAB v4.1.2] Something just tried to add player AXYETb into team CIT-8270c8e1d26e (expected team: ;AXYETbA)
17.07.2024 - 22:24:49 - [TAB v4.1.2] Something just tried to add player AXYETb into team CIT-8270c8e1d26e (expected team: ;AXYETbA)
21.07.2024 - 22:47:43 - [TAB v4.1.2] Something just tried to add player AXYETb into team CIT-8270c8e1d26e (expected team: ;AXYETbA)
23.07.2024 - 13:21:55 - [TAB v4.1.2] Something just tried to add player AXYETb into team CIT-8270c8e1d26e (expected team: ;AXYETbA)
23.07.2024 - 13:32:54 - [TAB v4.1.2] Something just tried to add player AXYETb into team CIT-8270c8e1d26e (expected team: ;AXYETbA)
23.07.2024 - 13:41:04 - [TAB v4.1.2] Something just tried to add player AXYETb into team CIT-8270c8e1d26e (expected team: 1AXYETbA)
23.07.2024 - 13:43:41 - [TAB v4.1.2] Something just tried to add player AXYETb into team CIT-8270c8e1d26e (expected team: 1AXYETbA)
26.07.2024 - 12:02:21 - [TAB v4.1.2] Something just tried to add player AXYETb into team CIT-8270c8e1d26e (expected team: 1AXYETbA)
26.07.2024 - 21:15:21 - [TAB v4.1.2] Something just tried to add player AXYETb into team CIT-8270c8e1d26e (expected team: 2AXYETbA)
26.07.2024 - 21:22:42 - [TAB v4.1.2] Something just tried to add player AXYETb into team CIT-8270c8e1d26e (expected team: :AXYETbA)
26.07.2024 - 21:37:27 - [TAB v4.1.2] Something just tried to add player AXYETb into team CIT-8270c8e1d26e (expected team: 1AXYETbA)
26.07.2024 - 21:45:18 - [TAB v4.1.2] Something just tried to add player AXYETb into team CIT-8270c8e1d26e (expected team: :AXYETbA)
26.07.2024 - 21:46:28 - [TAB v4.1.2] Something just tried to add player AXYETb into team CIT-8270c8e1d26e (expected team: :AXYETbA)
26.07.2024 - 21:52:13 - [TAB v4.1.2] Something just tried to add player AXYETb into team CIT-8270c8e1d26e (expected team: :AXYETbA)
26.07.2024 - 21:57:26 - [TAB v4.1.2] Something just tried to add player AXYETb into team CIT-8270c8e1d26e (expected team: 1AXYETbA)
26.07.2024 - 22:00:42 - [TAB v4.1.2] Something just tried to add player AXYETb into team CIT-8270c8e1d26e (expected team: 2AXYETbA)
26.07.2024 - 22:23:16 - [TAB v4.1.2] Something just tried to add player AXYETb into team CIT-8270c8e1d26e (expected team: 2AXYETbA)
26.07.2024 - 22:29:54 - [TAB v4.1.2] Something just tried to add player AXYETb into team CIT-8270c8e1d26e (expected team: :AXYETbA)
26.07.2024 - 22:31:50 - [TAB v4.1.2] Something just tried to add player AXYETb into team CIT-8270c8e1d26e (expected team: 1AXYETbA)
27.07.2024 - 00:29:20 - [TAB v4.1.2] Something just tried to add player AXYETb into team CIT-8270c8e1d26e (expected team: 2AXYETbA)
27.07.2024 - 10:24:56 - [TAB v4.1.2] Something just tried to add player AXYETb into team CIT-8270c8e1d26e (expected team: 1AXYETbA)
27.07.2024 - 10:39:11 - [TAB v4.1.2] Something just tried to add player AXYETb into team CIT-8270c8e1d26e (expected team: ;AXYETbA)
27.07.2024 - 10:53:24 - [TAB v4.1.2] Something just tried to add player AXYETb into team CIT-8270c8e1d26e (expected team: 1AXYETbA)
27.07.2024 - 11:01:59 - [TAB v4.1.2] Something just tried to add player AXYETb into team CIT-8270c8e1d26e (expected team: ;AXYETbA)
27.07.2024 - 11:08:55 - [TAB v4.1.2] Something just tried to add player AXYETb into team CIT-8270c8e1d26e (expected team: 1AXYETbA)
27.07.2024 - 12:03:37 - [TAB v4.1.2] Something just tried to add player AXYETb into team CIT-8270c8e1d26e (expected team: 1AXYETbA)
27.07.2024 - 21:47:04 - [TAB v4.1.2] Something just tried to add player AXYETb into team CIT-8270c8e1d26e (expected team: 2AXYETbA)
28.07.2024 - 00:02:48 - [TAB v4.1.2] Something just tried to add player AXYETb into team CIT-8270c8e1d26e (expected team: 1AXYETbA)
28.07.2024 - 10:57:49 - [TAB v4.1.2] Something just tried to add player AXYETb into team CIT-8270c8e1d26e (expected team: 9AXYETbA)
28.07.2024 - 11:05:11 - [TAB v4.1.2] Something just tried to add player AXYETb into team CIT-8270c8e1d26e (expected team: ;AXYETbA)
28.07.2024 - 11:27:21 - [TAB v4.1.2] Something just tried to add player AXYETb into team CIT-8270c8e1d26e (expected team: 1AXYETbA)
28.07.2024 - 11:28:58 - [TAB v4.1.2] Something just tried to add player AXYETb into team CIT-8270c8e1d26e (expected team: ;AXYETbA)
28.07.2024 - 11:56:00 - [TAB v4.1.2] Something just tried to add player AXYETb into team CIT-8270c8e1d26e (expected team: 1AXYETbA)
28.07.2024 - 23:01:20 - [TAB v4.1.2] Something just tried to add player AXYETb into team CIT-8270c8e1d26e (expected team: 1AXYETbA)
03.08.2024 - 15:35:16 - [TAB v4.1.2] Something just tried to add player AXYETb into team CIT-8270c8e1d26e (expected team: 1AXYETbA)
10.08.2024 - 21:36:12 - [TAB v4.1.2] Something just tried to add player AXYETb into team CIT-8270c8e1d26e (expected team: 1AXYETbA)
10.08.2024 - 22:31:23 - [TAB v4.1.2] Something just tried to add player AXYETb into team CIT-8270c8e1d26e (expected team: 0AXYETbA)
11.08.2024 - 14:44:23 - [TAB v4.1.2] Something just tried to add player AXYETb into team CIT-8270c8e1d26e (expected team: 0AXYETbA)
11.08.2024 - 16:02:17 - [TAB v4.1.2] Something just tried to add player AXYETb into team CIT-8270c8e1d26e (expected team: 0AXYETbA)
11.08.2024 - 20:18:33 - [TAB v4.1.2] Something just tried to add player AXYETb into team CIT-8270c8e1d26e (expected team: 0AXYETbA)
22.08.2024 - 18:49:50 - [TAB v4.1.2] Something just tried to add player AXYETb into team CIT-8270c8e1d26e (expected team: 0AXYETbA)
24.08.2024 - 21:35:53 - [TAB v4.1.2] Something just tried to add player AXYETb into team CIT-8270c8e1d26e (expected team: 0AXYETbA)
02.09.2024 - 13:17:55 - [TAB v4.1.2] Something just tried to add player AXYETb into team CIT-8270c8e1d26e (expected team: 0AXYETbA)
02.09.2024 - 15:16:03 - [TAB v4.1.2] Something just tried to add player AXYETb into team CIT-8270c8e1d26e (expected team: 1AXYETbA)
02.09.2024 - 15:40:09 - [TAB v4.1.2] Something just tried to add player AXYETb into team CIT-8270c8e1d26e (expected team: 0AXYETbA)
03.09.2024 - 17:15:48 - [TAB v4.1.2] Something just tried to add player AXYETb into team CIT-8270c8e1d26e (expected team: 0AXYETbA)
03.09.2024 - 17:45:06 - [TAB v4.1.2] Something just tried to add player AXYETb into team CIT-8270c8e1d26e (expected team: 0AXYETbA)
03.09.2024 - 18:03:35 - [TAB v4.1.2] Something just tried to add player AXYETb into team CIT-8270c8e1d26e (expected team: 0AXYETbA)
03.09.2024 - 18:06:37 - [TAB v4.1.2] Something just tried to add player AXYETb into team CIT-8270c8e1d26e (expected team: 0AXYETbA)
05.09.2024 - 20:08:24 - [TAB v4.1.2] Something just tried to add player AXYETb into team CIT-8270c8e1d26e (expected team: 0AXYETbA)
09.09.2024 - 19:56:17 - [TAB v4.1.2] Something just tried to add player AXYETb into team CIT-8270c8e1d26e (expected team: 0AXYETbA)
14.09.2024 - 00:38:05 - [TAB v4.1.2] Something just tried to add player AXYETb into team CIT-8270c8e1d26e (expected team: 0AXYETbA)
14.09.2024 - 00:40:50 - [TAB v4.1.2] Something just tried to add player AXYETb into team CIT-8270c8e1d26e (expected team: 0AXYETbA)
14.09.2024 - 01:39:40 - [TAB v4.1.2] Something just tried to add player AXYETb into team CIT-8270c8e1d26e (expected team: 0AXYETbA)
14.09.2024 - 01:40:40 - [TAB v4.1.2] Something just tried to add player AXYETb into team CIT-8270c8e1d26e (expected team: 0AXYETbA)
21.09.2024 - 02:59:31 - [TAB v4.1.2] Something just tried to add player AXYETb into team CIT-8270c8e1d26e (expected team: 0AXYETbA)
24.09.2024 - 18:41:43 - [TAB v4.1.2] Something just tried to add player AXYETb into team CIT-8270c8e1d26e (expected team: 0AXYETbA)
08.10.2024 - 20:15:44 - [TAB v4.1.2] Something just tried to add player AXYETb into team CIT-8270c8e1d26e (expected team: 0AXYETbA)
08.10.2024 - 20:26:22 - [TAB v4.1.2] Something just tried to add player AXYETb into team CIT-8270c8e1d26e (expected team: 0AXYETbA)
08.10.2024 - 20:34:01 - [TAB v4.1.2] Something just tried to add player AXYETb into team CIT-8270c8e1d26e (expected team: 8AXYETbA)
08.10.2024 - 20:34:50 - [TAB v4.1.2] Something just tried to add player AXYETb into team CIT-8270c8e1d26e (expected team: 0AXYETbA)
08.10.2024 - 20:36:20 - [TAB v4.1.2] Something just tried to add player AXYETb into team CIT-8270c8e1d26e (expected team: 1AXYETbA)
08.10.2024 - 20:42:13 - [TAB v4.1.2] Something just tried to add player AXYETb into team CIT-8270c8e1d26e (expected team: 0AXYETbA)
09.10.2024 - 12:05:06 - [TAB v4.1.2] Something just tried to add player AXYETb into team CIT-8270c8e1d26e (expected team: 0AXYETbA)
09.10.2024 - 12:05:19 - [TAB v4.1.2] Something just tried to add player AXYETb into team CIT-8270c8e1d26e (expected team: 1AXYETbA)
09.10.2024 - 12:08:15 - [TAB v4.1.2] Something just tried to add player AXYETb into team CIT-8270c8e1d26e (expected team: 1AXYETbA)
09.10.2024 - 12:08:46 - [TAB v4.1.2] Something just tried to add player AXYETb into team CIT-8270c8e1d26e (expected team: 0AXYETbA)
09.10.2024 - 12:10:14 - [TAB v4.1.2] Something just tried to add player AXYETb into team CIT-8270c8e1d26e (expected team: 1AXYETbA)
09.10.2024 - 12:14:09 - [TAB v4.1.2] Something just tried to add player AXYETb into team CIT-8270c8e1d26e (expected team: 0AXYETbA)
09.10.2024 - 17:03:06 - [TAB v4.1.2] Something just tried to add player AXYETb into team CIT-8270c8e1d26e (expected team: 0AXYETbA)
10.10.2024 - 12:37:35 - [TAB v4.1.2] Something just tried to add player AXYETb into team CIT-8270c8e1d26e (expected team: 0AXYETbA)
10.10.2024 - 13:41:40 - [TAB v4.1.2] Something just tried to add player AXYETb into team CIT-8270c8e1d26e (expected team: 0AXYETbA)
10.10.2024 - 14:53:04 - [TAB v4.1.2] Something just tried to add player AXYETb into team CIT-8270c8e1d26e (expected team: 7AXYETbA)
10.10.2024 - 15:25:29 - [TAB v4.1.2] Something just tried to add player AXYETb into team CIT-8270c8e1d26e (expected team: 0AXYETbA)
10.10.2024 - 18:01:36 - [TAB v4.1.2] Something just tried to add player AXYETb into team CIT-8270c8e1d26e (expected team: 0AXYETbA)
14.10.2024 - 19:37:20 - [TAB v4.1.2] Something just tried to add player AXYETb into team CIT-8270c8e1d26e (expected team: 0AXYETbA)
21.10.2024 - 20:09:05 - [TAB v4.1.2] Something just tried to add player AXYETb into team CIT-8270c8e1d26e (expected team: 0AXYETbA)
21.10.2024 - 20:30:28 - [TAB v4.1.2] Something just tried to add player AXYETb into team CIT-8270c8e1d26e (expected team: 0AXYETbA)
21.10.2024 - 20:40:55 - [TAB v4.1.2] Something just tried to add player AXYETb into team CIT-8270c8e1d26e (expected team: 0AXYETbA)
21.10.2024 - 20:45:30 - [TAB v4.1.2] Something just tried to add player AXYETb into team CIT-8270c8e1d26e (expected team: 0AXYETbA)
21.10.2024 - 20:46:28 - [TAB v4.1.2] Something just tried to add player AXYETb into team CIT-8270c8e1d26e (expected team: 0AXYETbA)
21.10.2024 - 20:59:43 - [TAB v4.1.2] Something just tried to add player AXYETb into team CIT-8270c8e1d26e (expected team: 0AXYETbA)
21.10.2024 - 21:02:43 - [TAB v4.1.2] Something just tried to add player AXYETb into team CIT-8270c8e1d26e (expected team: 0AXYETbA)
22.10.2024 - 15:27:18 - [TAB v4.1.2] Something just tried to add player AXYETb into team CIT-8270c8e1d26e (expected team: 0AXYETbA)
22.10.2024 - 15:31:25 - [TAB v4.1.2] Something just tried to add player AXYETb into team CIT-8270c8e1d26e (expected team: 0AXYETbA)
